{"C:\\Users\\bonde\\Downloads\\FarmWEB3-Working1\\farm-game-react\\src\\App.tsx": {"path":"C:\\Users\\bonde\\Downloads\\FarmWEB3-Working1\\farm-game-react\\src\\App.tsx","statementMap":{"0":{"start":{"line":4,"column":0},"end":{"line":4,"column":48}},"1":{"start":{"line":5,"column":0},"end":{"line":5,"column":18}},"2":{"start":{"line":6,"column":0},"end":{"line":6,"column":39}},"3":{"start":{"line":7,"column":0},"end":{"line":7,"column":52}},"4":{"start":{"line":8,"column":0},"end":{"line":8,"column":66}},"5":{"start":{"line":9,"column":0},"end":{"line":9,"column":94}},"6":{"start":{"line":13,"column":4},"end":{"line":13,"column":null}},"7":{"start":{"line":14,"column":4},"end":{"line":14,"column":null}},"8":{"start":{"line":16,"column":38},"end":{"line":16,"column":64}},"9":{"start":{"line":18,"column":4},"end":{"line":18,"column":null}},"10":{"start":{"line":21,"column":4},"end":{"line":28,"column":5}},"11":{"start":{"line":22,"column":6},"end":{"line":27,"column":null}},"12":{"start":{"line":25,"column":33},"end":{"line":25,"column":67}},"13":{"start":{"line":29,"column":4},"end":{"line":29,"column":null}},"14":{"start":{"line":34,"column":22},"end":{"line":34,"column":35}},"15":{"start":{"line":35,"column":23},"end":{"line":35,"column":77}},"16":{"start":{"line":36,"column":38},"end":{"line":36,"column":62}},"17":{"start":{"line":38,"column":2},"end":{"line":48,"column":null}},"18":{"start":{"line":39,"column":4},"end":{"line":42,"column":5}},"19":{"start":{"line":40,"column":6},"end":{"line":40,"column":null}},"20":{"start":{"line":41,"column":6},"end":{"line":41,"column":null}},"21":{"start":{"line":43,"column":4},"end":{"line":47,"column":null}},"22":{"start":{"line":44,"column":6},"end":{"line":46,"column":7}},"23":{"start":{"line":45,"column":8},"end":{"line":45,"column":null}},"24":{"start":{"line":50,"column":2},"end":{"line":60,"column":null}},"25":{"start":{"line":63,"column":0},"end":{"line":63,"column":null}}},"fnMap":{"0":{"name":"(anonymous_10)","decl":{"start":{"line":12,"column":2},"end":{"line":12,"column":14}},"loc":{"start":{"line":12,"column":50},"end":{"line":15,"column":3}}},"1":{"name":"(anonymous_11)","decl":{"start":{"line":16,"column":2},"end":{"line":16,"column":8}},"loc":{"start":{"line":16,"column":33},"end":{"line":16,"column":65}}},"2":{"name":"(anonymous_12)","decl":{"start":{"line":17,"column":2},"end":{"line":17,"column":19}},"loc":{"start":{"line":17,"column":60},"end":{"line":19,"column":3}}},"3":{"name":"(anonymous_13)","decl":{"start":{"line":20,"column":2},"end":{"line":20,"column":8}},"loc":{"start":{"line":20,"column":8},"end":{"line":30,"column":3}}},"4":{"name":"(anonymous_14)","decl":{"start":{"line":25,"column":27},"end":{"line":25,"column":30}},"loc":{"start":{"line":25,"column":33},"end":{"line":25,"column":67}}},"5":{"name":"App","decl":{"start":{"line":33,"column":9},"end":{"line":33,"column":12}},"loc":{"start":{"line":33,"column":12},"end":{"line":61,"column":1}}},"6":{"name":"(anonymous_16)","decl":{"start":{"line":38,"column":12},"end":{"line":38,"column":15}},"loc":{"start":{"line":38,"column":17},"end":{"line":48,"column":3}}},"7":{"name":"(anonymous_17)","decl":{"start":{"line":43,"column":11},"end":{"line":43,"column":14}},"loc":{"start":{"line":43,"column":16},"end":{"line":47,"column":5}}}},"branchMap":{"0":{"loc":{"start":{"line":21,"column":4},"end":{"line":28,"column":5}},"type":"if","locations":[{"start":{"line":21,"column":4},"end":{"line":28,"column":5}},{"start":{},"end":{}}]},"1":{"loc":{"start":{"line":39,"column":4},"end":{"line":42,"column":5}},"type":"if","locations":[{"start":{"line":39,"column":4},"end":{"line":42,"column":5}},{"start":{},"end":{}}]},"2":{"loc":{"start":{"line":44,"column":6},"end":{"line":46,"column":7}},"type":"if","locations":[{"start":{"line":44,"column":6},"end":{"line":46,"column":7}},{"start":{},"end":{}}]}},"s":{"0":1,"1":1,"2":1,"3":1,"4":1,"5":1,"6":2,"7":2,"8":0,"9":0,"10":4,"11":0,"12":0,"13":4,"14":4,"15":4,"16":4,"17":4,"18":2,"19":2,"20":2,"21":2,"22":2,"23":2,"24":4,"25":1},"f":{"0":2,"1":0,"2":0,"3":4,"4":0,"5":4,"6":2,"7":2},"b":{"0":[0,4],"1":[2,0],"2":[2,0]}}
,"C:\\Users\\bonde\\Downloads\\FarmWEB3-Working1\\farm-game-react\\src\\components\\InventoryView.tsx": {"path":"C:\\Users\\bonde\\Downloads\\FarmWEB3-Working1\\farm-game-react\\src\\components\\InventoryView.tsx","statementMap":{"0":{"start":{"line":1,"column":0},"end":{"line":1,"column":59}},"1":{"start":{"line":8,"column":36},"end":{"line":8,"column":59}},"2":{"start":{"line":9,"column":36},"end":{"line":9,"column":60}},"3":{"start":{"line":11,"column":2},"end":{"line":20,"column":null}},"4":{"start":{"line":12,"column":29},"end":{"line":15,"column":5}},"5":{"start":{"line":13,"column":19},"end":{"line":13,"column":61}},"6":{"start":{"line":14,"column":6},"end":{"line":14,"column":null}},"7":{"start":{"line":16,"column":4},"end":{"line":16,"column":null}},"8":{"start":{"line":17,"column":21},"end":{"line":17,"column":45}},"9":{"start":{"line":17,"column":27},"end":{"line":17,"column":45}},"10":{"start":{"line":18,"column":4},"end":{"line":18,"column":null}},"11":{"start":{"line":19,"column":4},"end":{"line":19,"column":null}},"12":{"start":{"line":19,"column":17},"end":{"line":19,"column":70}},"13":{"start":{"line":22,"column":2},"end":{"line":32,"column":null}},"14":{"start":{"line":24,"column":21},"end":{"line":24,"column":70}},"15":{"start":{"line":25,"column":4},"end":{"line":25,"column":null}},"16":{"start":{"line":26,"column":24},"end":{"line":29,"column":5}},"17":{"start":{"line":27,"column":17},"end":{"line":27,"column":44}},"18":{"start":{"line":28,"column":6},"end":{"line":28,"column":null}},"19":{"start":{"line":30,"column":4},"end":{"line":30,"column":null}},"20":{"start":{"line":31,"column":4},"end":{"line":31,"column":null}},"21":{"start":{"line":31,"column":17},"end":{"line":31,"column":93}},"22":{"start":{"line":34,"column":16},"end":{"line":34,"column":101}},"23":{"start":{"line":34,"column":30},"end":{"line":34,"column":87}},"24":{"start":{"line":34,"column":74},"end":{"line":34,"column":86}},"25":{"start":{"line":36,"column":2},"end":{"line":38,"column":3}},"26":{"start":{"line":37,"column":4},"end":{"line":37,"column":null}},"27":{"start":{"line":40,"column":2},"end":{"line":42,"column":3}},"28":{"start":{"line":41,"column":4},"end":{"line":41,"column":null}},"29":{"start":{"line":44,"column":2},"end":{"line":53,"column":null}},"30":{"start":{"line":47,"column":8},"end":{"line":47,"column":24}},"31":{"start":{"line":56,"column":22},"end":{"line":56,"column":51}},"32":{"start":{"line":57,"column":0},"end":{"line":57,"column":null}},"33":{"start":{"line":60,"column":2},"end":{"line":67,"column":3}},"34":{"start":{"line":62,"column":6},"end":{"line":62,"column":null}},"35":{"start":{"line":64,"column":6},"end":{"line":64,"column":null}},"36":{"start":{"line":66,"column":6},"end":{"line":66,"column":null}}},"fnMap":{"0":{"name":"InventoryViewBase","decl":{"start":{"line":7,"column":9},"end":{"line":7,"column":26}},"loc":{"start":{"line":7,"column":26},"end":{"line":54,"column":1}}},"1":{"name":"(anonymous_10)","decl":{"start":{"line":11,"column":12},"end":{"line":11,"column":15}},"loc":{"start":{"line":11,"column":17},"end":{"line":20,"column":3}}},"2":{"name":"(anonymous_11)","decl":{"start":{"line":12,"column":29},"end":{"line":12,"column":32}},"loc":{"start":{"line":12,"column":34},"end":{"line":15,"column":5}}},"3":{"name":"(anonymous_12)","decl":{"start":{"line":17,"column":21},"end":{"line":17,"column":24}},"loc":{"start":{"line":17,"column":27},"end":{"line":17,"column":45}}},"4":{"name":"(anonymous_13)","decl":{"start":{"line":19,"column":11},"end":{"line":19,"column":14}},"loc":{"start":{"line":19,"column":17},"end":{"line":19,"column":70}}},"5":{"name":"(anonymous_14)","decl":{"start":{"line":22,"column":12},"end":{"line":22,"column":15}},"loc":{"start":{"line":22,"column":17},"end":{"line":32,"column":3}}},"6":{"name":"(anonymous_15)","decl":{"start":{"line":26,"column":24},"end":{"line":26,"column":25}},"loc":{"start":{"line":26,"column":37},"end":{"line":29,"column":5}}},"7":{"name":"(anonymous_16)","decl":{"start":{"line":31,"column":11},"end":{"line":31,"column":14}},"loc":{"start":{"line":31,"column":17},"end":{"line":31,"column":93}}},"8":{"name":"(anonymous_17)","decl":{"start":{"line":34,"column":24},"end":{"line":34,"column":27}},"loc":{"start":{"line":34,"column":30},"end":{"line":34,"column":87}}},"9":{"name":"(anonymous_18)","decl":{"start":{"line":34,"column":63},"end":{"line":34,"column":64}},"loc":{"start":{"line":34,"column":74},"end":{"line":34,"column":86}}},"10":{"name":"(anonymous_19)","decl":{"start":{"line":46,"column":17},"end":{"line":46,"column":18}},"loc":{"start":{"line":47,"column":8},"end":{"line":47,"column":24}}},"11":{"name":"formatItemName","decl":{"start":{"line":59,"column":9},"end":{"line":59,"column":23}},"loc":{"start":{"line":59,"column":36},"end":{"line":68,"column":1}}}},"branchMap":{"0":{"loc":{"start":{"line":24,"column":21},"end":{"line":24,"column":70}},"type":"binary-expr","locations":[{"start":{"line":24,"column":21},"end":{"line":24,"column":64}},{"start":{"line":24,"column":68},"end":{"line":24,"column":70}}]},"1":{"loc":{"start":{"line":28,"column":25},"end":{"line":28,"column":40}},"type":"binary-expr","locations":[{"start":{"line":28,"column":25},"end":{"line":28,"column":34}},{"start":{"line":28,"column":38},"end":{"line":28,"column":40}}]},"2":{"loc":{"start":{"line":34,"column":75},"end":{"line":34,"column":81}},"type":"binary-expr","locations":[{"start":{"line":34,"column":75},"end":{"line":34,"column":76}},{"start":{"line":34,"column":80},"end":{"line":34,"column":81}}]},"3":{"loc":{"start":{"line":36,"column":2},"end":{"line":38,"column":3}},"type":"if","locations":[{"start":{"line":36,"column":2},"end":{"line":38,"column":3}},{"start":{},"end":{}}]},"4":{"loc":{"start":{"line":40,"column":2},"end":{"line":42,"column":3}},"type":"if","locations":[{"start":{"line":40,"column":2},"end":{"line":42,"column":3}},{"start":{},"end":{}}]},"5":{"loc":{"start":{"line":60,"column":2},"end":{"line":67,"column":3}},"type":"switch","locations":[{"start":{"line":61,"column":4},"end":{"line":62,"column":null}},{"start":{"line":63,"column":4},"end":{"line":64,"column":null}},{"start":{"line":65,"column":4},"end":{"line":66,"column":null}}]}},"s":{"0":1,"1":4,"2":4,"3":4,"4":2,"5":2,"6":2,"7":2,"8":2,"9":0,"10":2,"11":2,"12":2,"13":4,"14":2,"15":2,"16":2,"17":0,"18":0,"19":2,"20":2,"21":2,"22":4,"23":4,"24":0,"25":4,"26":4,"27":0,"28":0,"29":0,"30":0,"31":1,"32":1,"33":0,"34":0,"35":0,"36":0},"f":{"0":4,"1":2,"2":2,"3":0,"4":2,"5":2,"6":0,"7":2,"8":4,"9":0,"10":0,"11":0},"b":{"0":[2,2],"1":[0,0],"2":[0,0],"3":[4,0],"4":[0,0],"5":[0,0,0]}}
,"C:\\Users\\bonde\\Downloads\\FarmWEB3-Working1\\farm-game-react\\src\\components\\MonitoringDashboard.tsx": {"path":"C:\\Users\\bonde\\Downloads\\FarmWEB3-Working1\\farm-game-react\\src\\components\\MonitoringDashboard.tsx","statementMap":{"0":{"start":{"line":10,"column":0},"end":{"line":10,"column":16}},"1":{"start":{"line":195,"column":0},"end":{"line":195,"column":16}},"2":{"start":{"line":1,"column":0},"end":{"line":1,"column":43}},"3":{"start":{"line":2,"column":0},"end":{"line":2,"column":53}},"4":{"start":{"line":3,"column":0},"end":{"line":3,"column":50}},"5":{"start":{"line":11,"column":17},"end":{"line":11,"column":31}},"6":{"start":{"line":12,"column":40},"end":{"line":17,"column":4}},"7":{"start":{"line":20,"column":2},"end":{"line":43,"column":null}},"8":{"start":{"line":21,"column":18},"end":{"line":21,"column":132}},"9":{"start":{"line":22,"column":4},"end":{"line":22,"column":null}},"10":{"start":{"line":24,"column":24},"end":{"line":39,"column":5}},"11":{"start":{"line":25,"column":30},"end":{"line":25,"column":48}},"12":{"start":{"line":26,"column":23},"end":{"line":26,"column":35}},"13":{"start":{"line":28,"column":6},"end":{"line":35,"column":7}},"14":{"start":{"line":29,"column":8},"end":{"line":29,"column":null}},"15":{"start":{"line":30,"column":13},"end":{"line":35,"column":7}},"16":{"start":{"line":31,"column":8},"end":{"line":31,"column":null}},"17":{"start":{"line":32,"column":13},"end":{"line":35,"column":7}},"18":{"start":{"line":33,"column":8},"end":{"line":33,"column":null}},"19":{"start":{"line":34,"column":8},"end":{"line":34,"column":null}},"20":{"start":{"line":37,"column":6},"end":{"line":37,"column":null}},"21":{"start":{"line":38,"column":6},"end":{"line":38,"column":null}},"22":{"start":{"line":41,"column":4},"end":{"line":41,"column":null}},"23":{"start":{"line":42,"column":4},"end":{"line":42,"column":null}},"24":{"start":{"line":42,"column":17},"end":{"line":42,"column":79}},"25":{"start":{"line":46,"column":2},"end":{"line":48,"column":3}},"26":{"start":{"line":47,"column":4},"end":{"line":47,"column":16}},"27":{"start":{"line":50,"column":2},"end":{"line":74,"column":3}},"28":{"start":{"line":51,"column":4},"end":{"line":73,"column":null}},"29":{"start":{"line":53,"column":23},"end":{"line":53,"column":39}},"30":{"start":{"line":76,"column":22},"end":{"line":78,"column":7}},"31":{"start":{"line":80,"column":2},"end":{"line":190,"column":null}},"32":{"start":{"line":98,"column":25},"end":{"line":98,"column":42}},"33":{"start":{"line":151,"column":12},"end":{"line":151,"column":29}},"34":{"start":{"line":196,"column":36},"end":{"line":196,"column":51}},"35":{"start":{"line":199,"column":2},"end":{"line":211,"column":null}},"36":{"start":{"line":200,"column":4},"end":{"line":200,"column":30}},"37":{"start":{"line":200,"column":24},"end":{"line":200,"column":30}},"38":{"start":{"line":202,"column":27},"end":{"line":207,"column":5}},"39":{"start":{"line":204,"column":6},"end":{"line":206,"column":7}},"40":{"start":{"line":205,"column":8},"end":{"line":205,"column":null}},"41":{"start":{"line":205,"column":29},"end":{"line":205,"column":34}},"42":{"start":{"line":209,"column":4},"end":{"line":209,"column":null}},"43":{"start":{"line":210,"column":4},"end":{"line":210,"column":null}},"44":{"start":{"line":210,"column":17},"end":{"line":210,"column":70}},"45":{"start":{"line":214,"column":17},"end":{"line":214,"column":31}},"46":{"start":{"line":215,"column":2},"end":{"line":221,"column":null}},"47":{"start":{"line":216,"column":4},"end":{"line":216,"column":30}},"48":{"start":{"line":216,"column":24},"end":{"line":216,"column":30}},"49":{"start":{"line":218,"column":4},"end":{"line":220,"column":5}},"50":{"start":{"line":218,"column":60},"end":{"line":218,"column":72}},"51":{"start":{"line":219,"column":6},"end":{"line":219,"column":null}},"52":{"start":{"line":223,"column":2},"end":{"line":227,"column":null}}},"fnMap":{"0":{"name":"MonitoringDashboard","decl":{"start":{"line":10,"column":16},"end":{"line":10,"column":35}},"loc":{"start":{"line":10,"column":93},"end":{"line":191,"column":1}}},"1":{"name":"(anonymous_1)","decl":{"start":{"line":20,"column":12},"end":{"line":20,"column":15}},"loc":{"start":{"line":20,"column":17},"end":{"line":43,"column":3}}},"2":{"name":"(anonymous_2)","decl":{"start":{"line":24,"column":24},"end":{"line":24,"column":25}},"loc":{"start":{"line":24,"column":47},"end":{"line":39,"column":5}}},"3":{"name":"(anonymous_3)","decl":{"start":{"line":42,"column":11},"end":{"line":42,"column":14}},"loc":{"start":{"line":42,"column":17},"end":{"line":42,"column":79}}},"4":{"name":"(anonymous_4)","decl":{"start":{"line":53,"column":17},"end":{"line":53,"column":20}},"loc":{"start":{"line":53,"column":23},"end":{"line":53,"column":39}}},"5":{"name":"(anonymous_5)","decl":{"start":{"line":98,"column":19},"end":{"line":98,"column":22}},"loc":{"start":{"line":98,"column":25},"end":{"line":98,"column":42}}},"6":{"name":"(anonymous_6)","decl":{"start":{"line":150,"column":31},"end":{"line":150,"column":32}},"loc":{"start":{"line":151,"column":12},"end":{"line":151,"column":29}}},"7":{"name":"useMonitoringDashboard","decl":{"start":{"line":195,"column":16},"end":{"line":195,"column":38}},"loc":{"start":{"line":195,"column":38},"end":{"line":228,"column":1}}},"8":{"name":"(anonymous_8)","decl":{"start":{"line":199,"column":12},"end":{"line":199,"column":15}},"loc":{"start":{"line":199,"column":17},"end":{"line":211,"column":3}}},"9":{"name":"(anonymous_9)","decl":{"start":{"line":202,"column":27},"end":{"line":202,"column":28}},"loc":{"start":{"line":202,"column":48},"end":{"line":207,"column":5}}},"10":{"name":"(anonymous_10)","decl":{"start":{"line":205,"column":21},"end":{"line":205,"column":25}},"loc":{"start":{"line":205,"column":29},"end":{"line":205,"column":34}}},"11":{"name":"(anonymous_11)","decl":{"start":{"line":210,"column":11},"end":{"line":210,"column":14}},"loc":{"start":{"line":210,"column":17},"end":{"line":210,"column":70}}},"12":{"name":"(anonymous_12)","decl":{"start":{"line":215,"column":12},"end":{"line":215,"column":15}},"loc":{"start":{"line":215,"column":17},"end":{"line":221,"column":3}}},"13":{"name":"(anonymous_13)","decl":{"start":{"line":218,"column":55},"end":{"line":218,"column":56}},"loc":{"start":{"line":218,"column":60},"end":{"line":218,"column":72}}}},"branchMap":{"0":{"loc":{"start":{"line":10,"column":38},"end":{"line":10,"column":55}},"type":"default-arg","locations":[{"start":{"line":10,"column":50},"end":{"line":10,"column":55}}]},"1":{"loc":{"start":{"line":21,"column":29},"end":{"line":21,"column":131}},"type":"binary-expr","locations":[{"start":{"line":21,"column":29},"end":{"line":21,"column":65}},{"start":{"line":21,"column":69},"end":{"line":21,"column":131}}]},"2":{"loc":{"start":{"line":25,"column":30},"end":{"line":25,"column":48}},"type":"binary-expr","locations":[{"start":{"line":25,"column":30},"end":{"line":25,"column":42}},{"start":{"line":25,"column":46},"end":{"line":25,"column":48}}]},"3":{"loc":{"start":{"line":28,"column":6},"end":{"line":35,"column":7}},"type":"if","locations":[{"start":{"line":28,"column":6},"end":{"line":35,"column":7}},{"start":{"line":30,"column":13},"end":{"line":35,"column":7}}]},"4":{"loc":{"start":{"line":30,"column":13},"end":{"line":35,"column":7}},"type":"if","locations":[{"start":{"line":30,"column":13},"end":{"line":35,"column":7}},{"start":{"line":32,"column":13},"end":{"line":35,"column":7}}]},"5":{"loc":{"start":{"line":32,"column":13},"end":{"line":35,"column":7}},"type":"if","locations":[{"start":{"line":32,"column":13},"end":{"line":35,"column":7}},{"start":{},"end":{}}]},"6":{"loc":{"start":{"line":34,"column":31},"end":{"line":34,"column":55}},"type":"binary-expr","locations":[{"start":{"line":34,"column":31},"end":{"line":34,"column":36}},{"start":{"line":34,"column":40},"end":{"line":34,"column":55}}]},"7":{"loc":{"start":{"line":46,"column":2},"end":{"line":48,"column":3}},"type":"if","locations":[{"start":{"line":46,"column":2},"end":{"line":48,"column":3}},{"start":{},"end":{}}]},"8":{"loc":{"start":{"line":50,"column":2},"end":{"line":74,"column":3}},"type":"if","locations":[{"start":{"line":50,"column":2},"end":{"line":74,"column":3}},{"start":{},"end":{}}]},"9":{"loc":{"start":{"line":58,"column":22},"end":{"line":58,"column":66}},"type":"cond-expr","locations":[{"start":{"line":58,"column":45},"end":{"line":58,"column":54}},{"start":{"line":58,"column":57},"end":{"line":58,"column":66}}]},"10":{"loc":{"start":{"line":76,"column":22},"end":{"line":78,"column":7}},"type":"cond-expr","locations":[{"start":{"line":77,"column":6},"end":{"line":77,"column":70}},{"start":{"line":78,"column":6},"end":{"line":78,"column":7}}]},"11":{"loc":{"start":{"line":111,"column":22},"end":{"line":111,"column":96}},"type":"cond-expr","locations":[{"start":{"line":111,"column":45},"end":{"line":111,"column":69}},{"start":{"line":111,"column":72},"end":{"line":111,"column":96}}]},"12":{"loc":{"start":{"line":115,"column":13},"end":{"line":115,"column":45}},"type":"cond-expr","locations":[{"start":{"line":115,"column":36},"end":{"line":115,"column":39}},{"start":{"line":115,"column":42},"end":{"line":115,"column":45}}]},"13":{"loc":{"start":{"line":118,"column":20},"end":{"line":118,"column":72}},"type":"cond-expr","locations":[{"start":{"line":118,"column":43},"end":{"line":118,"column":52}},{"start":{"line":118,"column":55},"end":{"line":118,"column":72}}]},"14":{"loc":{"start":{"line":135,"column":13},"end":{"line":138,"column":null}},"type":"binary-expr","locations":[{"start":{"line":135,"column":13},"end":{"line":135,"column":36}},{"start":{"line":136,"column":14},"end":{"line":137,"column":null}}]},"15":{"loc":{"start":{"line":147,"column":9},"end":{"line":174,"column":null}},"type":"cond-expr","locations":[{"start":{"line":148,"column":10},"end":{"line":148,"column":62}},{"start":{"line":150,"column":10},"end":{"line":174,"column":12}}]},"16":{"loc":{"start":{"line":156,"column":28},"end":{"line":156,"column":108}},"type":"cond-expr","locations":[{"start":{"line":156,"column":66},"end":{"line":156,"column":99}},{"start":{"line":156,"column":102},"end":{"line":156,"column":108}}]},"17":{"loc":{"start":{"line":164,"column":19},"end":{"line":164,"column":84}},"type":"binary-expr","locations":[{"start":{"line":164,"column":19},"end":{"line":164,"column":43}},{"start":{"line":164,"column":47},"end":{"line":164,"column":84}}]},"18":{"loc":{"start":{"line":171,"column":28},"end":{"line":171,"column":70}},"type":"cond-expr","locations":[{"start":{"line":171,"column":49},"end":{"line":171,"column":58}},{"start":{"line":171,"column":61},"end":{"line":171,"column":70}}]},"19":{"loc":{"start":{"line":179,"column":7},"end":{"line":187,"column":null}},"type":"binary-expr","locations":[{"start":{"line":179,"column":7},"end":{"line":179,"column":45}},{"start":{"line":180,"column":8},"end":{"line":186,"column":null}}]},"20":{"loc":{"start":{"line":200,"column":4},"end":{"line":200,"column":30}},"type":"if","locations":[{"start":{"line":200,"column":4},"end":{"line":200,"column":30}},{"start":{},"end":{}}]},"21":{"loc":{"start":{"line":204,"column":6},"end":{"line":206,"column":7}},"type":"if","locations":[{"start":{"line":204,"column":6},"end":{"line":206,"column":7}},{"start":{},"end":{}}]},"22":{"loc":{"start":{"line":204,"column":10},"end":{"line":204,"column":50}},"type":"binary-expr","locations":[{"start":{"line":204,"column":10},"end":{"line":204,"column":19}},{"start":{"line":204,"column":23},"end":{"line":204,"column":33}},{"start":{"line":204,"column":37},"end":{"line":204,"column":50}}]},"23":{"loc":{"start":{"line":216,"column":4},"end":{"line":216,"column":30}},"type":"if","locations":[{"start":{"line":216,"column":4},"end":{"line":216,"column":30}},{"start":{},"end":{}}]},"24":{"loc":{"start":{"line":218,"column":4},"end":{"line":220,"column":5}},"type":"if","locations":[{"start":{"line":218,"column":4},"end":{"line":220,"column":5}},{"start":{},"end":{}}]},"25":{"loc":{"start":{"line":218,"column":8},"end":{"line":218,"column":73}},"type":"binary-expr","locations":[{"start":{"line":218,"column":8},"end":{"line":218,"column":29}},{"start":{"line":218,"column":33},"end":{"line":218,"column":73}}]}},"s":{"0":1,"1":1,"2":1,"3":1,"4":1,"5":4,"6":4,"7":4,"8":2,"9":2,"10":2,"11":0,"12":0,"13":0,"14":0,"15":0,"16":0,"17":0,"18":0,"19":0,"20":0,"21":0,"22":2,"23":2,"24":2,"25":4,"26":0,"27":4,"28":4,"29":0,"30":0,"31":0,"32":0,"33":0,"34":4,"35":4,"36":2,"37":0,"38":2,"39":0,"40":0,"41":0,"42":2,"43":2,"44":2,"45":4,"46":4,"47":4,"48":0,"49":4,"50":0,"51":0,"52":4},"f":{"0":4,"1":2,"2":0,"3":2,"4":0,"5":0,"6":0,"7":4,"8":2,"9":0,"10":0,"11":2,"12":4,"13":0},"b":{"0":[0],"1":[2,2],"2":[0,0],"3":[0,0],"4":[0,0],"5":[0,0],"6":[0,0],"7":[0,4],"8":[4,0],"9":[4,0],"10":[0,0],"11":[0,0],"12":[0,0],"13":[0,0],"14":[0,0],"15":[0,0],"16":[0,0],"17":[0,0],"18":[0,0],"19":[0,0],"20":[0,2],"21":[0,0],"22":[0,0,0],"23":[0,4],"24":[0,4],"25":[4,0]}}
,"C:\\Users\\bonde\\Downloads\\FarmWEB3-Working1\\farm-game-react\\src\\components\\ShopView.tsx": {"path":"C:\\Users\\bonde\\Downloads\\FarmWEB3-Working1\\farm-game-react\\src\\components\\ShopView.tsx","statementMap":{"0":{"start":{"line":9,"column":0},"end":{"line":9,"column":24}},"1":{"start":{"line":1,"column":0},"end":{"line":1,"column":43}},"2":{"start":{"line":10,"column":36},"end":{"line":10,"column":60}},"3":{"start":{"line":12,"column":2},"end":{"line":18,"column":null}},"4":{"start":{"line":13,"column":17},"end":{"line":13,"column":88}},"5":{"start":{"line":13,"column":23},"end":{"line":13,"column":88}},"6":{"start":{"line":14,"column":4},"end":{"line":14,"column":null}},"7":{"start":{"line":15,"column":21},"end":{"line":15,"column":33}},"8":{"start":{"line":15,"column":27},"end":{"line":15,"column":33}},"9":{"start":{"line":16,"column":4},"end":{"line":16,"column":null}},"10":{"start":{"line":17,"column":4},"end":{"line":17,"column":null}},"11":{"start":{"line":17,"column":17},"end":{"line":17,"column":70}},"12":{"start":{"line":20,"column":2},"end":{"line":35,"column":null}}},"fnMap":{"0":{"name":"ShopView","decl":{"start":{"line":9,"column":24},"end":{"line":9,"column":32}},"loc":{"start":{"line":9,"column":32},"end":{"line":36,"column":1}}},"1":{"name":"(anonymous_1)","decl":{"start":{"line":12,"column":12},"end":{"line":12,"column":15}},"loc":{"start":{"line":12,"column":17},"end":{"line":18,"column":3}}},"2":{"name":"(anonymous_2)","decl":{"start":{"line":13,"column":17},"end":{"line":13,"column":20}},"loc":{"start":{"line":13,"column":23},"end":{"line":13,"column":88}}},"3":{"name":"(anonymous_3)","decl":{"start":{"line":15,"column":21},"end":{"line":15,"column":24}},"loc":{"start":{"line":15,"column":27},"end":{"line":15,"column":33}}},"4":{"name":"(anonymous_4)","decl":{"start":{"line":17,"column":11},"end":{"line":17,"column":14}},"loc":{"start":{"line":17,"column":17},"end":{"line":17,"column":70}}}},"branchMap":{"0":{"loc":{"start":{"line":22,"column":57},"end":{"line":22,"column":110}},"type":"cond-expr","locations":[{"start":{"line":22,"column":69},"end":{"line":22,"column":71}},{"start":{"line":22,"column":74},"end":{"line":22,"column":110}}]},"1":{"loc":{"start":{"line":25,"column":56},"end":{"line":25,"column":109}},"type":"cond-expr","locations":[{"start":{"line":25,"column":68},"end":{"line":25,"column":70}},{"start":{"line":25,"column":73},"end":{"line":25,"column":109}}]},"2":{"loc":{"start":{"line":28,"column":51},"end":{"line":28,"column":104}},"type":"cond-expr","locations":[{"start":{"line":28,"column":63},"end":{"line":28,"column":65}},{"start":{"line":28,"column":68},"end":{"line":28,"column":104}}]},"3":{"loc":{"start":{"line":31,"column":57},"end":{"line":31,"column":110}},"type":"cond-expr","locations":[{"start":{"line":31,"column":69},"end":{"line":31,"column":71}},{"start":{"line":31,"column":74},"end":{"line":31,"column":110}}]}},"s":{"0":1,"1":1,"2":4,"3":4,"4":2,"5":2,"6":2,"7":2,"8":0,"9":2,"10":2,"11":2,"12":4},"f":{"0":4,"1":2,"2":2,"3":0,"4":2},"b":{"0":[0,4],"1":[0,4],"2":[0,4],"3":[0,4]}}
,"C:\\Users\\bonde\\Downloads\\FarmWEB3-Working1\\farm-game-react\\src\\components\\StaticMarkup.tsx": {"path":"C:\\Users\\bonde\\Downloads\\FarmWEB3-Working1\\farm-game-react\\src\\components\\StaticMarkup.tsx","statementMap":{"0":{"start":{"line":5,"column":0},"end":{"line":5,"column":24}},"1":{"start":{"line":1,"column":0},"end":{"line":1,"column":43}},"2":{"start":{"line":2,"column":0},"end":{"line":2,"column":33}},"3":{"start":{"line":3,"column":0},"end":{"line":3,"column":39}},"4":{"start":{"line":4,"column":0},"end":{"line":4,"column":49}},"5":{"start":{"line":6,"column":2},"end":{"line":152,"column":null}}},"fnMap":{"0":{"name":"StaticMarkup","decl":{"start":{"line":5,"column":24},"end":{"line":5,"column":36}},"loc":{"start":{"line":5,"column":36},"end":{"line":153,"column":1}}}},"branchMap":{},"s":{"0":1,"1":1,"2":1,"3":1,"4":1,"5":4},"f":{"0":4},"b":{}}
,"C:\\Users\\bonde\\Downloads\\FarmWEB3-Working1\\farm-game-react\\src\\components\\WalletIconButton.tsx": {"path":"C:\\Users\\bonde\\Downloads\\FarmWEB3-Working1\\farm-game-react\\src\\components\\WalletIconButton.tsx","statementMap":{"0":{"start":{"line":5,"column":0},"end":{"line":5,"column":24}},"1":{"start":{"line":1,"column":0},"end":{"line":1,"column":35}},"2":{"start":{"line":2,"column":0},"end":{"line":2,"column":34}},"3":{"start":{"line":3,"column":0},"end":{"line":3,"column":73}},"4":{"start":{"line":6,"column":26},"end":{"line":6,"column":38}},"5":{"start":{"line":7,"column":31},"end":{"line":7,"column":48}},"6":{"start":{"line":8,"column":31},"end":{"line":8,"column":48}},"7":{"start":{"line":10,"column":18},"end":{"line":13,"column":55}},"8":{"start":{"line":11,"column":4},"end":{"line":12,"column":null}},"9":{"start":{"line":11,"column":21},"end":{"line":11,"column":null}},"10":{"start":{"line":12,"column":9},"end":{"line":12,"column":null}},"11":{"start":{"line":15,"column":2},"end":{"line":19,"column":null}}},"fnMap":{"0":{"name":"WalletIconButton","decl":{"start":{"line":5,"column":24},"end":{"line":5,"column":40}},"loc":{"start":{"line":5,"column":40},"end":{"line":20,"column":1}}},"1":{"name":"(anonymous_1)","decl":{"start":{"line":10,"column":30},"end":{"line":10,"column":33}},"loc":{"start":{"line":10,"column":35},"end":{"line":13,"column":3}}}},"branchMap":{"0":{"loc":{"start":{"line":11,"column":4},"end":{"line":12,"column":null}},"type":"if","locations":[{"start":{"line":11,"column":4},"end":{"line":12,"column":null}},{"start":{"line":12,"column":9},"end":{"line":12,"column":null}}]}},"s":{"0":1,"1":1,"2":1,"3":1,"4":4,"5":4,"6":4,"7":4,"8":0,"9":0,"10":0,"11":4},"f":{"0":4,"1":0},"b":{"0":[0,0]}}
,"C:\\Users\\bonde\\Downloads\\FarmWEB3-Working1\\farm-game-react\\src\\components\\WalletPanel.tsx": {"path":"C:\\Users\\bonde\\Downloads\\FarmWEB3-Working1\\farm-game-react\\src\\components\\WalletPanel.tsx","statementMap":{"0":{"start":{"line":9,"column":0},"end":{"line":9,"column":24}},"1":{"start":{"line":1,"column":0},"end":{"line":1,"column":52}},"2":{"start":{"line":10,"column":28},"end":{"line":10,"column":91}},"3":{"start":{"line":10,"column":49},"end":{"line":10,"column":90}},"4":{"start":{"line":12,"column":2},"end":{"line":18,"column":null}},"5":{"start":{"line":13,"column":21},"end":{"line":13,"column":79}},"6":{"start":{"line":13,"column":27},"end":{"line":13,"column":79}},"7":{"start":{"line":14,"column":4},"end":{"line":14,"column":null}},"8":{"start":{"line":15,"column":4},"end":{"line":17,"column":null}},"9":{"start":{"line":16,"column":6},"end":{"line":16,"column":null}},"10":{"start":{"line":20,"column":16},"end":{"line":24,"column":22}},"11":{"start":{"line":21,"column":17},"end":{"line":21,"column":53}},"12":{"start":{"line":22,"column":4},"end":{"line":22,"column":null}},"13":{"start":{"line":22,"column":15},"end":{"line":22,"column":null}},"14":{"start":{"line":23,"column":4},"end":{"line":23,"column":null}},"15":{"start":{"line":26,"column":25},"end":{"line":36,"column":25}},"16":{"start":{"line":27,"column":16},"end":{"line":27,"column":44}},"17":{"start":{"line":28,"column":4},"end":{"line":34,"column":5}},"18":{"start":{"line":29,"column":20},"end":{"line":29,"column":30}},"19":{"start":{"line":30,"column":20},"end":{"line":30,"column":31}},"20":{"start":{"line":31,"column":19},"end":{"line":31,"column":30}},"21":{"start":{"line":32,"column":20},"end":{"line":32,"column":64}},"22":{"start":{"line":33,"column":6},"end":{"line":33,"column":null}},"23":{"start":{"line":35,"column":4},"end":{"line":35,"column":null}},"24":{"start":{"line":38,"column":24},"end":{"line":43,"column":8}},"25":{"start":{"line":39,"column":17},"end":{"line":39,"column":76}},"26":{"start":{"line":40,"column":17},"end":{"line":40,"column":43}},"27":{"start":{"line":41,"column":4},"end":{"line":41,"column":null}},"28":{"start":{"line":41,"column":42},"end":{"line":41,"column":null}},"29":{"start":{"line":42,"column":4},"end":{"line":42,"column":null}},"30":{"start":{"line":45,"column":21},"end":{"line":51,"column":8}},"31":{"start":{"line":46,"column":17},"end":{"line":46,"column":76}},"32":{"start":{"line":47,"column":18},"end":{"line":47,"column":55}},"33":{"start":{"line":48,"column":15},"end":{"line":48,"column":88}},"34":{"start":{"line":49,"column":17},"end":{"line":49,"column":48}},"35":{"start":{"line":50,"column":4},"end":{"line":50,"column":null}},"36":{"start":{"line":53,"column":18},"end":{"line":61,"column":8}},"37":{"start":{"line":54,"column":17},"end":{"line":54,"column":76}},"38":{"start":{"line":55,"column":4},"end":{"line":60,"column":5}},"39":{"start":{"line":56,"column":18},"end":{"line":56,"column":50}},"40":{"start":{"line":57,"column":6},"end":{"line":57,"column":null}},"41":{"start":{"line":59,"column":6},"end":{"line":59,"column":null}},"42":{"start":{"line":63,"column":2},"end":{"line":108,"column":null}},"43":{"start":{"line":90,"column":12},"end":{"line":90,"column":null}},"44":{"start":{"line":91,"column":12},"end":{"line":91,"column":84}},"45":{"start":{"line":91,"column":18},"end":{"line":91,"column":74}},"46":{"start":{"line":98,"column":12},"end":{"line":98,"column":null}},"47":{"start":{"line":99,"column":12},"end":{"line":103,"column":22}},"48":{"start":{"line":100,"column":14},"end":{"line":100,"column":null}},"49":{"start":{"line":101,"column":26},"end":{"line":101,"column":113}},"50":{"start":{"line":102,"column":14},"end":{"line":102,"column":null}}},"fnMap":{"0":{"name":"WalletPanel","decl":{"start":{"line":9,"column":24},"end":{"line":9,"column":35}},"loc":{"start":{"line":9,"column":35},"end":{"line":109,"column":1}}},"1":{"name":"(anonymous_1)","decl":{"start":{"line":10,"column":42},"end":{"line":10,"column":45}},"loc":{"start":{"line":10,"column":49},"end":{"line":10,"column":90}}},"2":{"name":"(anonymous_2)","decl":{"start":{"line":12,"column":12},"end":{"line":12,"column":15}},"loc":{"start":{"line":12,"column":17},"end":{"line":18,"column":3}}},"3":{"name":"(anonymous_3)","decl":{"start":{"line":13,"column":21},"end":{"line":13,"column":24}},"loc":{"start":{"line":13,"column":27},"end":{"line":13,"column":79}}},"4":{"name":"(anonymous_4)","decl":{"start":{"line":15,"column":11},"end":{"line":15,"column":14}},"loc":{"start":{"line":15,"column":16},"end":{"line":17,"column":5}}},"5":{"name":"(anonymous_5)","decl":{"start":{"line":20,"column":24},"end":{"line":20,"column":27}},"loc":{"start":{"line":20,"column":29},"end":{"line":24,"column":3}}},"6":{"name":"(anonymous_6)","decl":{"start":{"line":26,"column":33},"end":{"line":26,"column":36}},"loc":{"start":{"line":26,"column":38},"end":{"line":36,"column":3}}},"7":{"name":"(anonymous_7)","decl":{"start":{"line":38,"column":32},"end":{"line":38,"column":35}},"loc":{"start":{"line":38,"column":37},"end":{"line":43,"column":3}}},"8":{"name":"(anonymous_8)","decl":{"start":{"line":45,"column":29},"end":{"line":45,"column":32}},"loc":{"start":{"line":45,"column":34},"end":{"line":51,"column":3}}},"9":{"name":"(anonymous_9)","decl":{"start":{"line":53,"column":26},"end":{"line":53,"column":29}},"loc":{"start":{"line":53,"column":31},"end":{"line":61,"column":3}}},"10":{"name":"(anonymous_10)","decl":{"start":{"line":89,"column":19},"end":{"line":89,"column":20}},"loc":{"start":{"line":89,"column":25},"end":{"line":92,"column":11}}},"11":{"name":"(anonymous_11)","decl":{"start":{"line":97,"column":19},"end":{"line":97,"column":24}},"loc":{"start":{"line":97,"column":31},"end":{"line":104,"column":11}}}},"branchMap":{"0":{"loc":{"start":{"line":22,"column":4},"end":{"line":22,"column":null}},"type":"if","locations":[{"start":{"line":22,"column":4},"end":{"line":22,"column":null}},{"start":{},"end":{}}]},"1":{"loc":{"start":{"line":28,"column":4},"end":{"line":34,"column":5}},"type":"if","locations":[{"start":{"line":28,"column":4},"end":{"line":34,"column":5}},{"start":{},"end":{}}]},"2":{"loc":{"start":{"line":39,"column":17},"end":{"line":39,"column":76}},"type":"binary-expr","locations":[{"start":{"line":39,"column":17},"end":{"line":39,"column":70}},{"start":{"line":39,"column":74},"end":{"line":39,"column":76}}]},"3":{"loc":{"start":{"line":40,"column":17},"end":{"line":40,"column":43}},"type":"binary-expr","locations":[{"start":{"line":40,"column":17},"end":{"line":40,"column":37}},{"start":{"line":40,"column":41},"end":{"line":40,"column":43}}]},"4":{"loc":{"start":{"line":41,"column":4},"end":{"line":41,"column":null}},"type":"if","locations":[{"start":{"line":41,"column":4},"end":{"line":41,"column":null}},{"start":{},"end":{}}]},"5":{"loc":{"start":{"line":41,"column":8},"end":{"line":41,"column":40}},"type":"binary-expr","locations":[{"start":{"line":41,"column":8},"end":{"line":41,"column":13}},{"start":{"line":41,"column":17},"end":{"line":41,"column":40}}]},"6":{"loc":{"start":{"line":46,"column":17},"end":{"line":46,"column":76}},"type":"binary-expr","locations":[{"start":{"line":46,"column":17},"end":{"line":46,"column":70}},{"start":{"line":46,"column":74},"end":{"line":46,"column":76}}]},"7":{"loc":{"start":{"line":47,"column":19},"end":{"line":47,"column":43}},"type":"binary-expr","locations":[{"start":{"line":47,"column":19},"end":{"line":47,"column":37}},{"start":{"line":47,"column":41},"end":{"line":47,"column":43}}]},"8":{"loc":{"start":{"line":48,"column":15},"end":{"line":48,"column":88}},"type":"cond-expr","locations":[{"start":{"line":48,"column":40},"end":{"line":48,"column":59}},{"start":{"line":48,"column":62},"end":{"line":48,"column":88}}]},"9":{"loc":{"start":{"line":48,"column":71},"end":{"line":48,"column":83}},"type":"binary-expr","locations":[{"start":{"line":48,"column":71},"end":{"line":48,"column":76}},{"start":{"line":48,"column":80},"end":{"line":48,"column":83}}]},"10":{"loc":{"start":{"line":49,"column":17},"end":{"line":49,"column":48}},"type":"binary-expr","locations":[{"start":{"line":49,"column":17},"end":{"line":49,"column":37}},{"start":{"line":49,"column":41},"end":{"line":49,"column":48}}]},"11":{"loc":{"start":{"line":50,"column":11},"end":{"line":50,"column":40}},"type":"cond-expr","locations":[{"start":{"line":50,"column":16},"end":{"line":50,"column":33}},{"start":{"line":50,"column":36},"end":{"line":50,"column":40}}]},"12":{"loc":{"start":{"line":54,"column":17},"end":{"line":54,"column":76}},"type":"binary-expr","locations":[{"start":{"line":54,"column":17},"end":{"line":54,"column":70}},{"start":{"line":54,"column":74},"end":{"line":54,"column":76}}]},"13":{"loc":{"start":{"line":56,"column":26},"end":{"line":56,"column":49}},"type":"binary-expr","locations":[{"start":{"line":56,"column":26},"end":{"line":56,"column":43}},{"start":{"line":56,"column":47},"end":{"line":56,"column":49}}]},"14":{"loc":{"start":{"line":59,"column":13},"end":{"line":59,"column":37}},"type":"binary-expr","locations":[{"start":{"line":59,"column":13},"end":{"line":59,"column":30}},{"start":{"line":59,"column":34},"end":{"line":59,"column":37}}]},"15":{"loc":{"start":{"line":64,"column":65},"end":{"line":64,"column":99}},"type":"cond-expr","locations":[{"start":{"line":64,"column":83},"end":{"line":64,"column":89}},{"start":{"line":64,"column":92},"end":{"line":64,"column":99}}]}},"s":{"0":1,"1":1,"2":4,"3":2,"4":4,"5":2,"6":0,"7":2,"8":2,"9":2,"10":4,"11":2,"12":2,"13":2,"14":0,"15":4,"16":2,"17":2,"18":0,"19":0,"20":0,"21":0,"22":0,"23":2,"24":4,"25":2,"26":2,"27":2,"28":2,"29":0,"30":4,"31":2,"32":2,"33":2,"34":2,"35":2,"36":4,"37":2,"38":2,"39":2,"40":0,"41":2,"42":4,"43":0,"44":0,"45":0,"46":0,"47":0,"48":0,"49":0,"50":0},"f":{"0":4,"1":2,"2":2,"3":0,"4":2,"5":2,"6":2,"7":2,"8":2,"9":2,"10":0,"11":0},"b":{"0":[2,0],"1":[0,2],"2":[2,2],"3":[2,2],"4":[2,0],"5":[2,0],"6":[2,2],"7":[2,2],"8":[0,2],"9":[2,2],"10":[2,2],"11":[0,2],"12":[2,2],"13":[2,2],"14":[2,2],"15":[4,0]}}
,"C:\\Users\\bonde\\Downloads\\FarmWEB3-Working1\\farm-game-react\\src\\components\\Web3ErrorBoundary.tsx": {"path":"C:\\Users\\bonde\\Downloads\\FarmWEB3-Working1\\farm-game-react\\src\\components\\Web3ErrorBoundary.tsx","statementMap":{"0":{"start":{"line":1,"column":0},"end":{"line":1,"column":25}},"1":{"start":{"line":2,"column":0},"end":{"line":2,"column":39}},"2":{"start":{"line":3,"column":0},"end":{"line":3,"column":50}},"3":{"start":{"line":10,"column":4},"end":{"line":10,"column":null}},"4":{"start":{"line":11,"column":4},"end":{"line":11,"column":null}},"5":{"start":{"line":14,"column":20},"end":{"line":14,"column":74}},"6":{"start":{"line":15,"column":4},"end":{"line":15,"column":null}},"7":{"start":{"line":18,"column":4},"end":{"line":18,"column":null}},"8":{"start":{"line":21,"column":20},"end":{"line":29,"column":6}},"9":{"start":{"line":22,"column":6},"end":{"line":22,"column":null}},"10":{"start":{"line":23,"column":6},"end":{"line":23,"column":null}},"11":{"start":{"line":24,"column":6},"end":{"line":27,"column":null}},"12":{"start":{"line":28,"column":6},"end":{"line":28,"column":null}},"13":{"start":{"line":31,"column":4},"end":{"line":31,"column":null}},"14":{"start":{"line":34,"column":4},"end":{"line":67,"column":5}},"15":{"start":{"line":35,"column":22},"end":{"line":35,"column":35}},"16":{"start":{"line":37,"column":6},"end":{"line":66,"column":null}},"17":{"start":{"line":46,"column":35},"end":{"line":46,"column":109}},"18":{"start":{"line":51,"column":31},"end":{"line":51,"column":87}},"19":{"start":{"line":68,"column":4},"end":{"line":68,"column":null}},"20":{"start":{"line":8,"column":0},"end":{"line":8,"column":13}}},"fnMap":{"0":{"name":"(anonymous_10)","decl":{"start":{"line":9,"column":2},"end":{"line":9,"column":14}},"loc":{"start":{"line":9,"column":26},"end":{"line":12,"column":3}}},"1":{"name":"(anonymous_11)","decl":{"start":{"line":13,"column":2},"end":{"line":13,"column":8}},"loc":{"start":{"line":13,"column":48},"end":{"line":16,"column":3}}},"2":{"name":"(anonymous_12)","decl":{"start":{"line":17,"column":2},"end":{"line":17,"column":19}},"loc":{"start":{"line":17,"column":60},"end":{"line":32,"column":3}}},"3":{"name":"(anonymous_13)","decl":{"start":{"line":21,"column":37},"end":{"line":21,"column":38}},"loc":{"start":{"line":21,"column":47},"end":{"line":29,"column":5}}},"4":{"name":"(anonymous_14)","decl":{"start":{"line":33,"column":2},"end":{"line":33,"column":8}},"loc":{"start":{"line":33,"column":8},"end":{"line":69,"column":3}}},"5":{"name":"(anonymous_15)","decl":{"start":{"line":46,"column":29},"end":{"line":46,"column":32}},"loc":{"start":{"line":46,"column":35},"end":{"line":46,"column":109}}},"6":{"name":"(anonymous_16)","decl":{"start":{"line":51,"column":25},"end":{"line":51,"column":28}},"loc":{"start":{"line":51,"column":31},"end":{"line":51,"column":87}}}},"branchMap":{"0":{"loc":{"start":{"line":14,"column":20},"end":{"line":14,"column":74}},"type":"cond-expr","locations":[{"start":{"line":14,"column":45},"end":{"line":14,"column":58}},{"start":{"line":14,"column":61},"end":{"line":14,"column":74}}]},"1":{"loc":{"start":{"line":34,"column":4},"end":{"line":67,"column":5}},"type":"if","locations":[{"start":{"line":34,"column":4},"end":{"line":67,"column":5}},{"start":{},"end":{}}]},"2":{"loc":{"start":{"line":40,"column":11},"end":{"line":43,"column":null}},"type":"cond-expr","locations":[{"start":{"line":41,"column":12},"end":{"line":41,"column":39}},{"start":{"line":43,"column":12},"end":{"line":43,"column":105}}]},"3":{"loc":{"start":{"line":49,"column":13},"end":{"line":55,"column":null}},"type":"binary-expr","locations":[{"start":{"line":49,"column":13},"end":{"line":49,"column":20}},{"start":{"line":49,"column":24},"end":{"line":49,"column":42}},{"start":{"line":50,"column":14},"end":{"line":52,"column":null}}]},"4":{"loc":{"start":{"line":58,"column":11},"end":{"line":63,"column":null}},"type":"binary-expr","locations":[{"start":{"line":58,"column":11},"end":{"line":58,"column":18}},{"start":{"line":59,"column":12},"end":{"line":62,"column":null}}]},"5":{"loc":{"start":{"line":62,"column":15},"end":{"line":62,"column":81}},"type":"binary-expr","locations":[{"start":{"line":62,"column":15},"end":{"line":62,"column":33}},{"start":{"line":62,"column":37},"end":{"line":62,"column":81}}]}},"s":{"0":2,"1":2,"2":2,"3":16,"4":15,"5":12,"6":12,"7":6,"8":6,"9":6,"10":6,"11":6,"12":6,"13":6,"14":35,"15":18,"16":18,"17":0,"18":0,"19":17,"20":2},"f":{"0":16,"1":12,"2":6,"3":6,"4":35,"5":0,"6":0},"b":{"0":[12,0],"1":[18,17],"2":[9,9],"3":[18,9,3],"4":[18,9],"5":[9,3]}}
,"C:\\Users\\bonde\\Downloads\\FarmWEB3-Working1\\farm-game-react\\src\\services\\monitoring.ts": {"path":"C:\\Users\\bonde\\Downloads\\FarmWEB3-Working1\\farm-game-react\\src\\services\\monitoring.ts","statementMap":{"0":{"start":{"line":153,"column":0},"end":{"line":153,"column":16}},"1":{"start":{"line":185,"column":0},"end":{"line":185,"column":16}},"2":{"start":{"line":1,"column":0},"end":{"line":1,"column":25}},"3":{"start":{"line":2,"column":0},"end":{"line":2,"column":46}},"4":{"start":{"line":3,"column":0},"end":{"line":3,"column":50}},"5":{"start":{"line":16,"column":10},"end":{"line":16,"column":null}},"6":{"start":{"line":17,"column":10},"end":{"line":17,"column":null}},"7":{"start":{"line":21,"column":4},"end":{"line":21,"column":null}},"8":{"start":{"line":30,"column":22},"end":{"line":30,"column":39}},"9":{"start":{"line":31,"column":18},"end":{"line":31,"column":23}},"10":{"start":{"line":33,"column":4},"end":{"line":44,"column":5}},"11":{"start":{"line":34,"column":21},"end":{"line":34,"column":33}},"12":{"start":{"line":35,"column":6},"end":{"line":35,"column":null}},"13":{"start":{"line":36,"column":6},"end":{"line":36,"column":null}},"14":{"start":{"line":37,"column":6},"end":{"line":37,"column":null}},"15":{"start":{"line":39,"column":6},"end":{"line":39,"column":null}},"16":{"start":{"line":40,"column":6},"end":{"line":40,"column":null}},"17":{"start":{"line":43,"column":6},"end":{"line":43,"column":null}},"18":{"start":{"line":48,"column":20},"end":{"line":48,"column":53}},"19":{"start":{"line":49,"column":4},"end":{"line":49,"column":null}},"20":{"start":{"line":50,"column":4},"end":{"line":50,"column":null}},"21":{"start":{"line":51,"column":4},"end":{"line":51,"column":null}},"22":{"start":{"line":52,"column":4},"end":{"line":52,"column":null}},"23":{"start":{"line":56,"column":20},"end":{"line":56,"column":53}},"24":{"start":{"line":57,"column":4},"end":{"line":57,"column":null}},"25":{"start":{"line":58,"column":4},"end":{"line":58,"column":null}},"26":{"start":{"line":59,"column":4},"end":{"line":59,"column":null}},"27":{"start":{"line":60,"column":4},"end":{"line":60,"column":null}},"28":{"start":{"line":61,"column":4},"end":{"line":61,"column":null}},"29":{"start":{"line":65,"column":4},"end":{"line":73,"column":5}},"30":{"start":{"line":66,"column":6},"end":{"line":72,"column":null}},"31":{"start":{"line":74,"column":4},"end":{"line":74,"column":null}},"32":{"start":{"line":79,"column":16},"end":{"line":79,"column":26}},"33":{"start":{"line":80,"column":20},"end":{"line":94,"column":6}},"34":{"start":{"line":81,"column":24},"end":{"line":81,"column":96}},"35":{"start":{"line":82,"column":24},"end":{"line":82,"column":69}},"36":{"start":{"line":83,"column":30},"end":{"line":83,"column":100}},"37":{"start":{"line":85,"column":6},"end":{"line":93,"column":null}},"38":{"start":{"line":96,"column":4},"end":{"line":100,"column":null}},"39":{"start":{"line":99,"column":64},"end":{"line":99,"column":75}},"40":{"start":{"line":105,"column":4},"end":{"line":128,"column":14}},"41":{"start":{"line":106,"column":21},"end":{"line":106,"column":43}},"42":{"start":{"line":109,"column":6},"end":{"line":109,"column":null}},"43":{"start":{"line":112,"column":24},"end":{"line":112,"column":66}},"44":{"start":{"line":112,"column":53},"end":{"line":112,"column":65}},"45":{"start":{"line":113,"column":6},"end":{"line":120,"column":7}},"46":{"start":{"line":114,"column":8},"end":{"line":114,"column":null}},"47":{"start":{"line":117,"column":8},"end":{"line":119,"column":null}},"48":{"start":{"line":123,"column":6},"end":{"line":127,"column":7}},"49":{"start":{"line":124,"column":8},"end":{"line":124,"column":null}},"50":{"start":{"line":133,"column":4},"end":{"line":135,"column":5}},"51":{"start":{"line":134,"column":6},"end":{"line":134,"column":null}},"52":{"start":{"line":140,"column":4},"end":{"line":140,"column":null}},"53":{"start":{"line":145,"column":4},"end":{"line":145,"column":null}},"54":{"start":{"line":150,"column":13},"end":{"line":150,"column":null}},"55":{"start":{"line":154,"column":2},"end":{"line":181,"column":null}},"56":{"start":{"line":157,"column":6},"end":{"line":179,"column":null}},"57":{"start":{"line":162,"column":28},"end":{"line":176,"column":15}},"58":{"start":{"line":165,"column":33},"end":{"line":173,"column":18}},"59":{"start":{"line":174,"column":16},"end":{"line":174,"column":null}},"60":{"start":{"line":174,"column":34},"end":{"line":174,"column":null}},"61":{"start":{"line":175,"column":16},"end":{"line":175,"column":null}},"62":{"start":{"line":177,"column":10},"end":{"line":177,"column":null}},"63":{"start":{"line":186,"column":30},"end":{"line":186,"column":74}},"64":{"start":{"line":188,"column":2},"end":{"line":205,"column":null}},"65":{"start":{"line":189,"column":25},"end":{"line":189,"column":70}},"66":{"start":{"line":189,"column":31},"end":{"line":189,"column":70}},"67":{"start":{"line":192,"column":4},"end":{"line":192,"column":null}},"68":{"start":{"line":195,"column":28},"end":{"line":195,"column":48}},"69":{"start":{"line":195,"column":34},"end":{"line":195,"column":48}},"70":{"start":{"line":196,"column":4},"end":{"line":196,"column":null}},"71":{"start":{"line":199,"column":21},"end":{"line":199,"column":53}},"72":{"start":{"line":201,"column":4},"end":{"line":204,"column":null}},"73":{"start":{"line":202,"column":6},"end":{"line":202,"column":null}},"74":{"start":{"line":203,"column":6},"end":{"line":203,"column":null}},"75":{"start":{"line":207,"column":2},"end":{"line":207,"column":null}},"76":{"start":{"line":217,"column":0},"end":{"line":222,"column":1}},"77":{"start":{"line":219,"column":2},"end":{"line":221,"column":3}},"78":{"start":{"line":220,"column":4},"end":{"line":220,"column":null}}},"fnMap":{"0":{"name":"(anonymous_1)","decl":{"start":{"line":19,"column":2},"end":{"line":19,"column":null}},"loc":{"start":{"line":19,"column":2},"end":{"line":22,"column":3}}},"1":{"name":"(anonymous_2)","decl":{"start":{"line":25,"column":2},"end":{"line":25,"column":7}},"loc":{"start":{"line":28,"column":26},"end":{"line":45,"column":3}}},"2":{"name":"(anonymous_3)","decl":{"start":{"line":47,"column":10},"end":{"line":47,"column":23}},"loc":{"start":{"line":47,"column":58},"end":{"line":53,"column":3}}},"3":{"name":"(anonymous_4)","decl":{"start":{"line":55,"column":10},"end":{"line":55,"column":21}},"loc":{"start":{"line":55,"column":72},"end":{"line":62,"column":3}}},"4":{"name":"(anonymous_5)","decl":{"start":{"line":64,"column":10},"end":{"line":64,"column":28}},"loc":{"start":{"line":64,"column":45},"end":{"line":75,"column":3}}},"5":{"name":"(anonymous_6)","decl":{"start":{"line":78,"column":2},"end":{"line":78,"column":17}},"loc":{"start":{"line":78,"column":17},"end":{"line":101,"column":3}}},"6":{"name":"(anonymous_7)","decl":{"start":{"line":80,"column":59},"end":{"line":80,"column":60}},"loc":{"start":{"line":80,"column":83},"end":{"line":94,"column":5}}},"7":{"name":"(anonymous_8)","decl":{"start":{"line":99,"column":59},"end":{"line":99,"column":60}},"loc":{"start":{"line":99,"column":64},"end":{"line":99,"column":75}}},"8":{"name":"(anonymous_9)","decl":{"start":{"line":104,"column":10},"end":{"line":104,"column":26}},"loc":{"start":{"line":104,"column":26},"end":{"line":129,"column":3}}},"9":{"name":"(anonymous_10)","decl":{"start":{"line":105,"column":50},"end":{"line":105,"column":53}},"loc":{"start":{"line":105,"column":55},"end":{"line":128,"column":5}}},"10":{"name":"(anonymous_11)","decl":{"start":{"line":112,"column":48},"end":{"line":112,"column":49}},"loc":{"start":{"line":112,"column":53},"end":{"line":112,"column":65}}},"11":{"name":"(anonymous_12)","decl":{"start":{"line":132,"column":2},"end":{"line":132,"column":9}},"loc":{"start":{"line":132,"column":9},"end":{"line":136,"column":3}}},"12":{"name":"(anonymous_13)","decl":{"start":{"line":139,"column":2},"end":{"line":139,"column":7}},"loc":{"start":{"line":139,"column":7},"end":{"line":141,"column":3}}},"13":{"name":"(anonymous_14)","decl":{"start":{"line":144,"column":2},"end":{"line":144,"column":20}},"loc":{"start":{"line":144,"column":37},"end":{"line":146,"column":3}}},"14":{"name":"createMonitoredTransport","decl":{"start":{"line":153,"column":16},"end":{"line":153,"column":40}},"loc":{"start":{"line":153,"column":71},"end":{"line":182,"column":1}}},"15":{"name":"(anonymous_16)","decl":{"start":{"line":156,"column":13},"end":{"line":156,"column":18}},"loc":{"start":{"line":156,"column":35},"end":{"line":180,"column":5}}},"16":{"name":"(anonymous_17)","decl":{"start":{"line":160,"column":8},"end":{"line":160,"column":11}},"loc":{"start":{"line":160,"column":13},"end":{"line":178,"column":9}}},"17":{"name":"(anonymous_18)","decl":{"start":{"line":164,"column":14},"end":{"line":164,"column":19}},"loc":{"start":{"line":164,"column":31},"end":{"line":176,"column":15}}},"18":{"name":"useRpcHealth","decl":{"start":{"line":185,"column":16},"end":{"line":185,"column":28}},"loc":{"start":{"line":185,"column":28},"end":{"line":208,"column":1}}},"19":{"name":"(anonymous_20)","decl":{"start":{"line":188,"column":18},"end":{"line":188,"column":21}},"loc":{"start":{"line":188,"column":23},"end":{"line":205,"column":3}}},"20":{"name":"(anonymous_21)","decl":{"start":{"line":189,"column":25},"end":{"line":189,"column":28}},"loc":{"start":{"line":189,"column":31},"end":{"line":189,"column":70}}},"21":{"name":"(anonymous_22)","decl":{"start":{"line":195,"column":28},"end":{"line":195,"column":31}},"loc":{"start":{"line":195,"column":34},"end":{"line":195,"column":48}}},"22":{"name":"(anonymous_23)","decl":{"start":{"line":201,"column":11},"end":{"line":201,"column":14}},"loc":{"start":{"line":201,"column":16},"end":{"line":204,"column":5}}}},"branchMap":{"0":{"loc":{"start":{"line":61,"column":24},"end":{"line":61,"column":78}},"type":"cond-expr","locations":[{"start":{"line":61,"column":49},"end":{"line":61,"column":62}},{"start":{"line":61,"column":65},"end":{"line":61,"column":78}}]},"1":{"loc":{"start":{"line":65,"column":4},"end":{"line":73,"column":5}},"type":"if","locations":[{"start":{"line":65,"column":4},"end":{"line":73,"column":5}},{"start":{},"end":{}}]},"2":{"loc":{"start":{"line":81,"column":24},"end":{"line":81,"column":96}},"type":"cond-expr","locations":[{"start":{"line":81,"column":51},"end":{"line":81,"column":92}},{"start":{"line":81,"column":95},"end":{"line":81,"column":96}}]},"3":{"loc":{"start":{"line":82,"column":24},"end":{"line":82,"column":69}},"type":"binary-expr","locations":[{"start":{"line":82,"column":24},"end":{"line":82,"column":39}},{"start":{"line":82,"column":43},"end":{"line":82,"column":69}}]},"4":{"loc":{"start":{"line":83,"column":30},"end":{"line":83,"column":100}},"type":"cond-expr","locations":[{"start":{"line":83,"column":52},"end":{"line":83,"column":93}},{"start":{"line":83,"column":96},"end":{"line":83,"column":100}}]},"5":{"loc":{"start":{"line":92,"column":25},"end":{"line":92,"column":77}},"type":"cond-expr","locations":[{"start":{"line":92,"column":43},"end":{"line":92,"column":70}},{"start":{"line":92,"column":73},"end":{"line":92,"column":77}}]},"6":{"loc":{"start":{"line":99,"column":21},"end":{"line":99,"column":76}},"type":"binary-expr","locations":[{"start":{"line":99,"column":21},"end":{"line":99,"column":41}},{"start":{"line":99,"column":45},"end":{"line":99,"column":76}}]},"7":{"loc":{"start":{"line":113,"column":6},"end":{"line":120,"column":7}},"type":"if","locations":[{"start":{"line":113,"column":6},"end":{"line":120,"column":7}},{"start":{},"end":{}}]},"8":{"loc":{"start":{"line":133,"column":4},"end":{"line":135,"column":5}},"type":"if","locations":[{"start":{"line":133,"column":4},"end":{"line":135,"column":5}},{"start":{},"end":{}}]},"9":{"loc":{"start":{"line":153,"column":54},"end":{"line":153,"column":71}},"type":"default-arg","locations":[{"start":{"line":153,"column":69},"end":{"line":153,"column":71}}]},"10":{"loc":{"start":{"line":159,"column":8},"end":{"line":159,"column":34}},"type":"binary-expr","locations":[{"start":{"line":159,"column":8},"end":{"line":159,"column":21}},{"start":{"line":159,"column":25},"end":{"line":159,"column":34}}]},"11":{"loc":{"start":{"line":162,"column":28},"end":{"line":176,"column":15}},"type":"cond-expr","locations":[{"start":{"line":163,"column":14},"end":{"line":163,"column":29}},{"start":{"line":164,"column":14},"end":{"line":176,"column":15}}]},"12":{"loc":{"start":{"line":174,"column":16},"end":{"line":174,"column":null}},"type":"if","locations":[{"start":{"line":174,"column":16},"end":{"line":174,"column":null}},{"start":{},"end":{}}]},"13":{"loc":{"start":{"line":217,"column":0},"end":{"line":222,"column":1}},"type":"if","locations":[{"start":{"line":217,"column":0},"end":{"line":222,"column":1}},{"start":{},"end":{}}]},"14":{"loc":{"start":{"line":219,"column":2},"end":{"line":221,"column":3}},"type":"if","locations":[{"start":{"line":219,"column":2},"end":{"line":221,"column":3}},{"start":{},"end":{}}]}},"s":{"0":2,"1":2,"2":2,"3":2,"4":2,"5":2,"6":2,"7":2,"8":16,"9":16,"10":16,"11":16,"12":4,"13":4,"14":4,"15":12,"16":12,"17":16,"18":4,"19":4,"20":4,"21":4,"22":4,"23":12,"24":12,"25":12,"26":12,"27":12,"28":12,"29":16,"30":7,"31":16,"32":14,"33":14,"34":2,"35":2,"36":2,"37":2,"38":14,"39":2,"40":2,"41":0,"42":0,"43":0,"44":0,"45":0,"46":0,"47":0,"48":0,"49":0,"50":0,"51":0,"52":7,"53":3,"54":2,"55":2,"56":2,"57":2,"58":2,"59":2,"60":1,"61":1,"62":2,"63":8,"64":8,"65":4,"66":4,"67":4,"68":4,"69":0,"70":4,"71":4,"72":4,"73":4,"74":4,"75":8,"76":2,"77":2,"78":2},"f":{"0":2,"1":16,"2":4,"3":12,"4":16,"5":14,"6":2,"7":2,"8":2,"9":0,"10":0,"11":0,"12":7,"13":3,"14":2,"15":2,"16":2,"17":2,"18":8,"19":4,"20":4,"21":0,"22":4},"b":{"0":[12,0],"1":[7,9],"2":[2,0],"3":[2,1],"4":[1,1],"5":[0,2],"6":[14,2],"7":[0,0],"8":[0,0],"9":[2],"10":[2,0],"11":[0,2],"12":[1,1],"13":[2,0],"14":[2,0]}}
,"C:\\Users\\bonde\\Downloads\\FarmWEB3-Working1\\farm-game-react\\src\\services\\sentry.ts": {"path":"C:\\Users\\bonde\\Downloads\\FarmWEB3-Working1\\farm-game-react\\src\\services\\sentry.ts","statementMap":{"0":{"start":{"line":4,"column":0},"end":{"line":4,"column":16}},"1":{"start":{"line":47,"column":0},"end":{"line":47,"column":16}},"2":{"start":{"line":65,"column":0},"end":{"line":65,"column":16}},"3":{"start":{"line":88,"column":0},"end":{"line":88,"column":16}},"4":{"start":{"line":112,"column":0},"end":{"line":112,"column":16}},"5":{"start":{"line":128,"column":0},"end":{"line":128,"column":16}},"6":{"start":{"line":134,"column":0},"end":{"line":134,"column":16}},"7":{"start":{"line":1,"column":0},"end":{"line":1,"column":39}},"8":{"start":{"line":2,"column":0},"end":{"line":2,"column":49}},"9":{"start":{"line":5,"column":14},"end":{"line":5,"column":42}},"10":{"start":{"line":6,"column":2},"end":{"line":9,"column":3}},"11":{"start":{"line":7,"column":4},"end":{"line":7,"column":null}},"12":{"start":{"line":8,"column":4},"end":{"line":8,"column":10}},"13":{"start":{"line":11,"column":2},"end":{"line":43,"column":null}},"14":{"start":{"line":24,"column":20},"end":{"line":24,"column":42}},"15":{"start":{"line":25,"column":6},"end":{"line":30,"column":7}},"16":{"start":{"line":27,"column":8},"end":{"line":27,"column":null}},"17":{"start":{"line":27,"column":42},"end":{"line":27,"column":null}},"18":{"start":{"line":29,"column":8},"end":{"line":29,"column":null}},"19":{"start":{"line":29,"column":44},"end":{"line":29,"column":null}},"20":{"start":{"line":31,"column":6},"end":{"line":31,"column":null}},"21":{"start":{"line":53,"column":2},"end":{"line":61,"column":null}},"22":{"start":{"line":54,"column":4},"end":{"line":54,"column":null}},"23":{"start":{"line":55,"column":4},"end":{"line":55,"column":null}},"24":{"start":{"line":56,"column":4},"end":{"line":56,"column":null}},"25":{"start":{"line":56,"column":25},"end":{"line":56,"column":null}},"26":{"start":{"line":57,"column":4},"end":{"line":57,"column":null}},"27":{"start":{"line":57,"column":25},"end":{"line":57,"column":null}},"28":{"start":{"line":58,"column":4},"end":{"line":58,"column":null}},"29":{"start":{"line":58,"column":24},"end":{"line":58,"column":null}},"30":{"start":{"line":60,"column":4},"end":{"line":60,"column":null}},"31":{"start":{"line":70,"column":2},"end":{"line":75,"column":null}},"32":{"start":{"line":78,"column":2},"end":{"line":84,"column":3}},"33":{"start":{"line":79,"column":4},"end":{"line":83,"column":null}},"34":{"start":{"line":80,"column":6},"end":{"line":80,"column":null}},"35":{"start":{"line":81,"column":6},"end":{"line":81,"column":null}},"36":{"start":{"line":82,"column":6},"end":{"line":82,"column":null}},"37":{"start":{"line":89,"column":2},"end":{"line":98,"column":null}},"38":{"start":{"line":101,"column":2},"end":{"line":108,"column":3}},"39":{"start":{"line":102,"column":4},"end":{"line":107,"column":null}},"40":{"start":{"line":103,"column":6},"end":{"line":103,"column":null}},"41":{"start":{"line":104,"column":6},"end":{"line":104,"column":null}},"42":{"start":{"line":105,"column":6},"end":{"line":105,"column":null}},"43":{"start":{"line":106,"column":6},"end":{"line":106,"column":null}},"44":{"start":{"line":117,"column":2},"end":{"line":124,"column":null}},"45":{"start":{"line":118,"column":4},"end":{"line":118,"column":null}},"46":{"start":{"line":119,"column":4},"end":{"line":119,"column":null}},"47":{"start":{"line":120,"column":4},"end":{"line":120,"column":null}},"48":{"start":{"line":120,"column":40},"end":{"line":120,"column":null}},"49":{"start":{"line":121,"column":4},"end":{"line":121,"column":null}},"50":{"start":{"line":121,"column":27},"end":{"line":121,"column":null}},"51":{"start":{"line":123,"column":4},"end":{"line":123,"column":null}},"52":{"start":{"line":129,"column":2},"end":{"line":131,"column":3}},"53":{"start":{"line":130,"column":4},"end":{"line":130,"column":null}},"54":{"start":{"line":135,"column":2},"end":{"line":151,"column":3}},"55":{"start":{"line":136,"column":4},"end":{"line":136,"column":null}},"56":{"start":{"line":137,"column":4},"end":{"line":150,"column":3}},"57":{"start":{"line":138,"column":6},"end":{"line":138,"column":null}},"58":{"start":{"line":139,"column":22},"end":{"line":139,"column":70}},"59":{"start":{"line":140,"column":6},"end":{"line":147,"column":7}},"60":{"start":{"line":141,"column":8},"end":{"line":146,"column":null}}},"fnMap":{"0":{"name":"initSentry","decl":{"start":{"line":4,"column":16},"end":{"line":4,"column":26}},"loc":{"start":{"line":4,"column":26},"end":{"line":44,"column":1}}},"1":{"name":"(anonymous_10)","decl":{"start":{"line":22,"column":4},"end":{"line":22,"column":14}},"loc":{"start":{"line":22,"column":26},"end":{"line":32,"column":5}}},"2":{"name":"trackWeb3Error","decl":{"start":{"line":47,"column":16},"end":{"line":47,"column":30}},"loc":{"start":{"line":52,"column":1},"end":{"line":62,"column":1}}},"3":{"name":"(anonymous_12)","decl":{"start":{"line":53,"column":19},"end":{"line":53,"column":20}},"loc":{"start":{"line":53,"column":29},"end":{"line":61,"column":3}}},"4":{"name":"trackWalletEvent","decl":{"start":{"line":65,"column":16},"end":{"line":65,"column":32}},"loc":{"start":{"line":69,"column":1},"end":{"line":85,"column":1}}},"5":{"name":"(anonymous_14)","decl":{"start":{"line":79,"column":21},"end":{"line":79,"column":22}},"loc":{"start":{"line":79,"column":31},"end":{"line":83,"column":5}}},"6":{"name":"trackRpcPerformance","decl":{"start":{"line":88,"column":16},"end":{"line":88,"column":35}},"loc":{"start":{"line":88,"column":88},"end":{"line":109,"column":1}}},"7":{"name":"(anonymous_16)","decl":{"start":{"line":102,"column":21},"end":{"line":102,"column":22}},"loc":{"start":{"line":102,"column":31},"end":{"line":107,"column":5}}},"8":{"name":"trackGameStateError","decl":{"start":{"line":112,"column":16},"end":{"line":112,"column":35}},"loc":{"start":{"line":116,"column":1},"end":{"line":125,"column":1}}},"9":{"name":"(anonymous_18)","decl":{"start":{"line":117,"column":19},"end":{"line":117,"column":20}},"loc":{"start":{"line":117,"column":29},"end":{"line":124,"column":3}}},"10":{"name":"startPerformanceMark","decl":{"start":{"line":128,"column":16},"end":{"line":128,"column":36}},"loc":{"start":{"line":128,"column":49},"end":{"line":132,"column":1}}},"11":{"name":"endPerformanceMark","decl":{"start":{"line":134,"column":16},"end":{"line":134,"column":34}},"loc":{"start":{"line":134,"column":47},"end":{"line":152,"column":1}}}},"branchMap":{"0":{"loc":{"start":{"line":6,"column":2},"end":{"line":9,"column":3}},"type":"if","locations":[{"start":{"line":6,"column":2},"end":{"line":9,"column":3}},{"start":{},"end":{}}]},"1":{"loc":{"start":{"line":19,"column":22},"end":{"line":19,"column":60}},"type":"cond-expr","locations":[{"start":{"line":19,"column":51},"end":{"line":19,"column":54}},{"start":{"line":19,"column":57},"end":{"line":19,"column":60}}]},"2":{"loc":{"start":{"line":25,"column":6},"end":{"line":30,"column":7}},"type":"if","locations":[{"start":{"line":25,"column":6},"end":{"line":30,"column":7}},{"start":{},"end":{}}]},"3":{"loc":{"start":{"line":25,"column":10},"end":{"line":25,"column":63}},"type":"binary-expr","locations":[{"start":{"line":25,"column":10},"end":{"line":25,"column":15}},{"start":{"line":25,"column":19},"end":{"line":25,"column":44}},{"start":{"line":25,"column":48},"end":{"line":25,"column":63}}]},"4":{"loc":{"start":{"line":27,"column":8},"end":{"line":27,"column":null}},"type":"if","locations":[{"start":{"line":27,"column":8},"end":{"line":27,"column":null}},{"start":{},"end":{}}]},"5":{"loc":{"start":{"line":29,"column":8},"end":{"line":29,"column":null}},"type":"if","locations":[{"start":{"line":29,"column":8},"end":{"line":29,"column":null}},{"start":{},"end":{}}]},"6":{"loc":{"start":{"line":35,"column":13},"end":{"line":35,"column":55}},"type":"binary-expr","locations":[{"start":{"line":35,"column":13},"end":{"line":35,"column":42}},{"start":{"line":35,"column":46},"end":{"line":35,"column":55}}]},"7":{"loc":{"start":{"line":56,"column":4},"end":{"line":56,"column":null}},"type":"if","locations":[{"start":{"line":56,"column":4},"end":{"line":56,"column":null}},{"start":{},"end":{}}]},"8":{"loc":{"start":{"line":57,"column":4},"end":{"line":57,"column":null}},"type":"if","locations":[{"start":{"line":57,"column":4},"end":{"line":57,"column":null}},{"start":{},"end":{}}]},"9":{"loc":{"start":{"line":58,"column":4},"end":{"line":58,"column":null}},"type":"if","locations":[{"start":{"line":58,"column":4},"end":{"line":58,"column":null}},{"start":{},"end":{}}]},"10":{"loc":{"start":{"line":73,"column":11},"end":{"line":73,"column":54}},"type":"cond-expr","locations":[{"start":{"line":73,"column":38},"end":{"line":73,"column":45}},{"start":{"line":73,"column":48},"end":{"line":73,"column":54}}]},"11":{"loc":{"start":{"line":78,"column":2},"end":{"line":84,"column":3}},"type":"if","locations":[{"start":{"line":78,"column":2},"end":{"line":84,"column":3}},{"start":{},"end":{}}]},"12":{"loc":{"start":{"line":82,"column":57},"end":{"line":82,"column":87}},"type":"binary-expr","locations":[{"start":{"line":82,"column":57},"end":{"line":82,"column":68}},{"start":{"line":82,"column":72},"end":{"line":82,"column":87}}]},"13":{"loc":{"start":{"line":92,"column":11},"end":{"line":92,"column":37}},"type":"cond-expr","locations":[{"start":{"line":92,"column":21},"end":{"line":92,"column":27}},{"start":{"line":92,"column":30},"end":{"line":92,"column":37}}]},"14":{"loc":{"start":{"line":101,"column":2},"end":{"line":108,"column":3}},"type":"if","locations":[{"start":{"line":101,"column":2},"end":{"line":108,"column":3}},{"start":{},"end":{}}]},"15":{"loc":{"start":{"line":120,"column":4},"end":{"line":120,"column":null}},"type":"if","locations":[{"start":{"line":120,"column":4},"end":{"line":120,"column":null}},{"start":{},"end":{}}]},"16":{"loc":{"start":{"line":121,"column":4},"end":{"line":121,"column":null}},"type":"if","locations":[{"start":{"line":121,"column":4},"end":{"line":121,"column":null}},{"start":{},"end":{}}]},"17":{"loc":{"start":{"line":129,"column":2},"end":{"line":131,"column":3}},"type":"if","locations":[{"start":{"line":129,"column":2},"end":{"line":131,"column":3}},{"start":{},"end":{}}]},"18":{"loc":{"start":{"line":135,"column":2},"end":{"line":151,"column":3}},"type":"if","locations":[{"start":{"line":135,"column":2},"end":{"line":151,"column":3}},{"start":{},"end":{}}]},"19":{"loc":{"start":{"line":140,"column":6},"end":{"line":147,"column":7}},"type":"if","locations":[{"start":{"line":140,"column":6},"end":{"line":147,"column":7}},{"start":{},"end":{}}]},"20":{"loc":{"start":{"line":140,"column":10},"end":{"line":140,"column":44}},"type":"binary-expr","locations":[{"start":{"line":140,"column":10},"end":{"line":140,"column":17}},{"start":{"line":140,"column":21},"end":{"line":140,"column":44}}]}},"s":{"0":3,"1":3,"2":3,"3":3,"4":3,"5":3,"6":3,"7":3,"8":3,"9":0,"10":0,"11":0,"12":0,"13":0,"14":0,"15":0,"16":0,"17":0,"18":0,"19":0,"20":0,"21":2,"22":2,"23":2,"24":2,"25":1,"26":2,"27":0,"28":2,"29":1,"30":2,"31":3,"32":3,"33":1,"34":1,"35":1,"36":1,"37":19,"38":19,"39":2,"40":2,"41":2,"42":2,"43":2,"44":0,"45":0,"46":0,"47":0,"48":0,"49":0,"50":0,"51":0,"52":3,"53":3,"54":2,"55":2,"56":2,"57":2,"58":2,"59":2,"60":1},"f":{"0":0,"1":0,"2":2,"3":2,"4":3,"5":1,"6":19,"7":2,"8":0,"9":0,"10":3,"11":2},"b":{"0":[0,0],"1":[0,0],"2":[0,0],"3":[0,0,0],"4":[0,0],"5":[0,0],"6":[0,0],"7":[1,1],"8":[0,2],"9":[1,1],"10":[1,2],"11":[1,2],"12":[1,0],"13":[6,13],"14":[2,17],"15":[0,0],"16":[0,0],"17":[3,0],"18":[2,0],"19":[1,1],"20":[2,2]}}
,"C:\\Users\\bonde\\Downloads\\FarmWEB3-Working1\\farm-game-react\\src\\utils\\env.ts": {"path":"C:\\Users\\bonde\\Downloads\\FarmWEB3-Working1\\farm-game-react\\src\\utils\\env.ts","statementMap":{"0":{"start":{"line":2,"column":0},"end":{"line":2,"column":16}},"1":{"start":{"line":22,"column":0},"end":{"line":22,"column":16}},"2":{"start":{"line":26,"column":0},"end":{"line":26,"column":16}},"3":{"start":{"line":31,"column":0},"end":{"line":31,"column":16}},"4":{"start":{"line":4,"column":2},"end":{"line":6,"column":3}},"5":{"start":{"line":5,"column":4},"end":{"line":5,"column":null}},"6":{"start":{"line":9,"column":2},"end":{"line":17,"column":3}},"7":{"start":{"line":11,"column":24},"end":{"line":11,"column":101}},"8":{"start":{"line":12,"column":4},"end":{"line":14,"column":5}},"9":{"start":{"line":13,"column":6},"end":{"line":13,"column":null}},"10":{"start":{"line":19,"column":2},"end":{"line":19,"column":null}},"11":{"start":{"line":23,"column":2},"end":{"line":23,"column":null}},"12":{"start":{"line":27,"column":15},"end":{"line":27,"column":24}},"13":{"start":{"line":28,"column":2},"end":{"line":28,"column":null}},"14":{"start":{"line":32,"column":15},"end":{"line":32,"column":24}},"15":{"start":{"line":33,"column":2},"end":{"line":33,"column":null}}},"fnMap":{"0":{"name":"getEnvVar","decl":{"start":{"line":2,"column":16},"end":{"line":2,"column":25}},"loc":{"start":{"line":2,"column":37},"end":{"line":20,"column":1}}},"1":{"name":"getMode","decl":{"start":{"line":22,"column":16},"end":{"line":22,"column":23}},"loc":{"start":{"line":22,"column":23},"end":{"line":24,"column":1}}},"2":{"name":"isDevelopment","decl":{"start":{"line":26,"column":16},"end":{"line":26,"column":29}},"loc":{"start":{"line":26,"column":29},"end":{"line":29,"column":1}}},"3":{"name":"isProduction","decl":{"start":{"line":31,"column":16},"end":{"line":31,"column":28}},"loc":{"start":{"line":31,"column":28},"end":{"line":34,"column":1}}}},"branchMap":{"0":{"loc":{"start":{"line":4,"column":2},"end":{"line":6,"column":3}},"type":"if","locations":[{"start":{"line":4,"column":2},"end":{"line":6,"column":3}},{"start":{},"end":{}}]},"1":{"loc":{"start":{"line":4,"column":6},"end":{"line":4,"column":51}},"type":"binary-expr","locations":[{"start":{"line":4,"column":6},"end":{"line":4,"column":36}},{"start":{"line":4,"column":40},"end":{"line":4,"column":51}}]},"2":{"loc":{"start":{"line":11,"column":24},"end":{"line":11,"column":101}},"type":"binary-expr","locations":[{"start":{"line":11,"column":24},"end":{"line":11,"column":60}},{"start":{"line":11,"column":65},"end":{"line":11,"column":101}}]},"3":{"loc":{"start":{"line":12,"column":4},"end":{"line":14,"column":5}},"type":"if","locations":[{"start":{"line":12,"column":4},"end":{"line":14,"column":5}},{"start":{},"end":{}}]},"4":{"loc":{"start":{"line":23,"column":9},"end":{"line":23,"column":68}},"type":"binary-expr","locations":[{"start":{"line":23,"column":9},"end":{"line":23,"column":26}},{"start":{"line":23,"column":30},"end":{"line":23,"column":51}},{"start":{"line":23,"column":55},"end":{"line":23,"column":68}}]},"5":{"loc":{"start":{"line":28,"column":9},"end":{"line":28,"column":49}},"type":"binary-expr","locations":[{"start":{"line":28,"column":9},"end":{"line":28,"column":31}},{"start":{"line":28,"column":35},"end":{"line":28,"column":49}}]},"6":{"loc":{"start":{"line":33,"column":9},"end":{"line":33,"column":49}},"type":"binary-expr","locations":[{"start":{"line":33,"column":9},"end":{"line":33,"column":30}},{"start":{"line":33,"column":34},"end":{"line":33,"column":49}}]}},"s":{"0":4,"1":4,"2":4,"3":4,"4":19,"5":17,"6":2,"7":2,"8":1,"9":1,"10":1,"11":9,"12":3,"13":3,"14":3,"15":3},"f":{"0":19,"1":9,"2":3,"3":3},"b":{"0":[17,2],"1":[19,17],"2":[2,0],"3":[1,0],"4":[9,6,1],"5":[3,2],"6":[3,2]}}
,"C:\\Users\\bonde\\Downloads\\FarmWEB3-Working1\\farm-game-react\\src\\utils\\permissions.ts": {"path":"C:\\Users\\bonde\\Downloads\\FarmWEB3-Working1\\farm-game-react\\src\\utils\\permissions.ts","statementMap":{"0":{"start":{"line":5,"column":0},"end":{"line":5,"column":16}},"1":{"start":{"line":30,"column":0},"end":{"line":30,"column":16}},"2":{"start":{"line":35,"column":0},"end":{"line":35,"column":16}},"3":{"start":{"line":49,"column":0},"end":{"line":49,"column":16}},"4":{"start":{"line":55,"column":0},"end":{"line":55,"column":16}},"5":{"start":{"line":7,"column":2},"end":{"line":9,"column":3}},"6":{"start":{"line":8,"column":4},"end":{"line":8,"column":null}},"7":{"start":{"line":12,"column":2},"end":{"line":14,"column":3}},"8":{"start":{"line":13,"column":4},"end":{"line":13,"column":null}},"9":{"start":{"line":17,"column":2},"end":{"line":19,"column":3}},"10":{"start":{"line":18,"column":4},"end":{"line":18,"column":null}},"11":{"start":{"line":22,"column":23},"end":{"line":22,"column":70}},"12":{"start":{"line":23,"column":2},"end":{"line":25,"column":3}},"13":{"start":{"line":23,"column":34},"end":{"line":23,"column":75}},"14":{"start":{"line":24,"column":4},"end":{"line":24,"column":null}},"15":{"start":{"line":27,"column":2},"end":{"line":27,"column":null}},"16":{"start":{"line":31,"column":2},"end":{"line":31,"column":null}},"17":{"start":{"line":37,"column":22},"end":{"line":37,"column":37}},"18":{"start":{"line":39,"column":2},"end":{"line":43,"column":3}},"19":{"start":{"line":40,"column":4},"end":{"line":40,"column":null}},"20":{"start":{"line":41,"column":4},"end":{"line":41,"column":null}},"21":{"start":{"line":42,"column":4},"end":{"line":42,"column":null}},"22":{"start":{"line":45,"column":2},"end":{"line":45,"column":null}},"23":{"start":{"line":50,"column":2},"end":{"line":50,"column":null}},"24":{"start":{"line":51,"column":2},"end":{"line":51,"column":null}},"25":{"start":{"line":57,"column":2},"end":{"line":57,"column":null}},"26":{"start":{"line":61,"column":0},"end":{"line":66,"column":1}},"27":{"start":{"line":63,"column":2},"end":{"line":63,"column":null}},"28":{"start":{"line":65,"column":2},"end":{"line":65,"column":null}}},"fnMap":{"0":{"name":"isDeveloper","decl":{"start":{"line":5,"column":16},"end":{"line":5,"column":27}},"loc":{"start":{"line":5,"column":27},"end":{"line":28,"column":1}}},"1":{"name":"(anonymous_1)","decl":{"start":{"line":23,"column":24},"end":{"line":23,"column":30}},"loc":{"start":{"line":23,"column":34},"end":{"line":23,"column":75}}},"2":{"name":"isProduction","decl":{"start":{"line":30,"column":16},"end":{"line":30,"column":28}},"loc":{"start":{"line":30,"column":28},"end":{"line":32,"column":1}}},"3":{"name":"enableDeveloperMode","decl":{"start":{"line":35,"column":16},"end":{"line":35,"column":35}},"loc":{"start":{"line":35,"column":53},"end":{"line":46,"column":1}}},"4":{"name":"disableDeveloperMode","decl":{"start":{"line":49,"column":16},"end":{"line":49,"column":36}},"loc":{"start":{"line":49,"column":36},"end":{"line":52,"column":1}}},"5":{"name":"isAdmin","decl":{"start":{"line":55,"column":16},"end":{"line":55,"column":23}},"loc":{"start":{"line":55,"column":23},"end":{"line":58,"column":1}}}},"branchMap":{"0":{"loc":{"start":{"line":7,"column":2},"end":{"line":9,"column":3}},"type":"if","locations":[{"start":{"line":7,"column":2},"end":{"line":9,"column":3}},{"start":{},"end":{}}]},"1":{"loc":{"start":{"line":12,"column":2},"end":{"line":14,"column":3}},"type":"if","locations":[{"start":{"line":12,"column":2},"end":{"line":14,"column":3}},{"start":{},"end":{}}]},"2":{"loc":{"start":{"line":17,"column":2},"end":{"line":19,"column":3}},"type":"if","locations":[{"start":{"line":17,"column":2},"end":{"line":19,"column":3}},{"start":{},"end":{}}]},"3":{"loc":{"start":{"line":23,"column":2},"end":{"line":25,"column":3}},"type":"if","locations":[{"start":{"line":23,"column":2},"end":{"line":25,"column":3}},{"start":{},"end":{}}]},"4":{"loc":{"start":{"line":31,"column":9},"end":{"line":31,"column":64}},"type":"binary-expr","locations":[{"start":{"line":31,"column":9},"end":{"line":31,"column":46}},{"start":{"line":31,"column":50},"end":{"line":31,"column":64}}]},"5":{"loc":{"start":{"line":39,"column":2},"end":{"line":43,"column":3}},"type":"if","locations":[{"start":{"line":39,"column":2},"end":{"line":43,"column":3}},{"start":{},"end":{}}]},"6":{"loc":{"start":{"line":57,"column":9},"end":{"line":57,"column":71}},"type":"binary-expr","locations":[{"start":{"line":57,"column":9},"end":{"line":57,"column":22}},{"start":{"line":57,"column":26},"end":{"line":57,"column":71}}]},"7":{"loc":{"start":{"line":61,"column":0},"end":{"line":66,"column":1}},"type":"if","locations":[{"start":{"line":61,"column":0},"end":{"line":66,"column":1}},{"start":{},"end":{}}]},"8":{"loc":{"start":{"line":61,"column":4},"end":{"line":61,"column":50}},"type":"binary-expr","locations":[{"start":{"line":61,"column":4},"end":{"line":61,"column":33}},{"start":{"line":61,"column":37},"end":{"line":61,"column":50}}]}},"s":{"0":2,"1":2,"2":2,"3":2,"4":2,"5":14,"6":0,"7":14,"8":0,"9":14,"10":0,"11":14,"12":14,"13":14,"14":14,"15":0,"16":0,"17":0,"18":0,"19":0,"20":0,"21":0,"22":0,"23":0,"24":0,"25":0,"26":2,"27":2,"28":2},"f":{"0":14,"1":14,"2":0,"3":0,"4":0,"5":0},"b":{"0":[0,14],"1":[0,14],"2":[0,14],"3":[14,0],"4":[0,0],"5":[0,0],"6":[0,0],"7":[2,0],"8":[2,2]}}
,"C:\\Users\\bonde\\Downloads\\FarmWEB3-Working1\\farm-game-react\\src\\utils\\rateLimit.ts": {"path":"C:\\Users\\bonde\\Downloads\\FarmWEB3-Working1\\farm-game-react\\src\\utils\\rateLimit.ts","statementMap":{"0":{"start":{"line":1,"column":0},"end":{"line":1,"column":16}},"1":{"start":{"line":2,"column":20},"end":{"line":2,"column":21}},"2":{"start":{"line":3,"column":23},"end":{"line":3,"column":24}},"3":{"start":{"line":4,"column":2},"end":{"line":12,"column":4}},"4":{"start":{"line":5,"column":16},"end":{"line":5,"column":26}},"5":{"start":{"line":6,"column":4},"end":{"line":6,"column":56}},"6":{"start":{"line":6,"column":43},"end":{"line":6,"column":56}},"7":{"start":{"line":7,"column":4},"end":{"line":7,"column":50}},"8":{"start":{"line":7,"column":37},"end":{"line":7,"column":50}},"9":{"start":{"line":8,"column":4},"end":{"line":8,"column":25}},"10":{"start":{"line":9,"column":4},"end":{"line":9,"column":18}},"11":{"start":{"line":10,"column":4},"end":{"line":10,"column":43}},"12":{"start":{"line":10,"column":21},"end":{"line":10,"column":34}},"13":{"start":{"line":11,"column":4},"end":{"line":11,"column":16}}},"fnMap":{"0":{"name":"createRateLimiter","decl":{"start":{"line":1,"column":16},"end":{"line":1,"column":33}},"loc":{"start":{"line":1,"column":74},"end":{"line":13,"column":1}}},"1":{"name":"allow","decl":{"start":{"line":4,"column":18},"end":{"line":4,"column":23}},"loc":{"start":{"line":4,"column":23},"end":{"line":12,"column":3}}},"2":{"name":"(anonymous_2)","decl":{"start":{"line":10,"column":15},"end":{"line":10,"column":18}},"loc":{"start":{"line":10,"column":21},"end":{"line":10,"column":34}}}},"branchMap":{"0":{"loc":{"start":{"line":6,"column":4},"end":{"line":6,"column":56}},"type":"if","locations":[{"start":{"line":6,"column":4},"end":{"line":6,"column":56}},{"start":{},"end":{}}]},"1":{"loc":{"start":{"line":7,"column":4},"end":{"line":7,"column":50}},"type":"if","locations":[{"start":{"line":7,"column":4},"end":{"line":7,"column":50}},{"start":{},"end":{}}]}},"s":{"0":1,"1":1,"2":1,"3":1,"4":5,"5":5,"6":1,"7":4,"8":1,"9":3,"10":3,"11":3,"12":2,"13":3},"f":{"0":1,"1":5,"2":2},"b":{"0":[1,4],"1":[1,3]}}
,"C:\\Users\\bonde\\Downloads\\FarmWEB3-Working1\\farm-game-react\\src\\utils\\throttle.ts": {"path":"C:\\Users\\bonde\\Downloads\\FarmWEB3-Working1\\farm-game-react\\src\\utils\\throttle.ts","statementMap":{"0":{"start":{"line":1,"column":0},"end":{"line":1,"column":16}},"1":{"start":{"line":2,"column":17},"end":{"line":2,"column":18}},"2":{"start":{"line":3,"column":31},"end":{"line":3,"column":35}},"3":{"start":{"line":4,"column":35},"end":{"line":4,"column":39}},"4":{"start":{"line":5,"column":17},"end":{"line":12,"column":3}},"5":{"start":{"line":6,"column":4},"end":{"line":6,"column":26}},"6":{"start":{"line":7,"column":4},"end":{"line":9,"column":5}},"7":{"start":{"line":8,"column":6},"end":{"line":8,"column":83}},"8":{"start":{"line":10,"column":4},"end":{"line":10,"column":19}},"9":{"start":{"line":11,"column":4},"end":{"line":11,"column":20}},"10":{"start":{"line":13,"column":2},"end":{"line":26,"column":21}},"11":{"start":{"line":14,"column":16},"end":{"line":14,"column":26}},"12":{"start":{"line":15,"column":22},"end":{"line":15,"column":45}},"13":{"start":{"line":16,"column":4},"end":{"line":16,"column":20}},"14":{"start":{"line":17,"column":4},"end":{"line":25,"column":5}},"15":{"start":{"line":18,"column":6},"end":{"line":21,"column":7}},"16":{"start":{"line":19,"column":8},"end":{"line":19,"column":30}},"17":{"start":{"line":20,"column":8},"end":{"line":20,"column":23}},"18":{"start":{"line":22,"column":6},"end":{"line":22,"column":15}},"19":{"start":{"line":23,"column":11},"end":{"line":25,"column":5}},"20":{"start":{"line":24,"column":6},"end":{"line":24,"column":53}}},"fnMap":{"0":{"name":"throttle","decl":{"start":{"line":1,"column":16},"end":{"line":1,"column":24}},"loc":{"start":{"line":1,"column":84},"end":{"line":27,"column":1}}},"1":{"name":"(anonymous_1)","decl":{"start":{"line":5,"column":17},"end":{"line":5,"column":20}},"loc":{"start":{"line":5,"column":22},"end":{"line":12,"column":3}}},"2":{"name":"(anonymous_2)","decl":{"start":{"line":13,"column":10},"end":{"line":13,"column":11}},"loc":{"start":{"line":13,"column":33},"end":{"line":26,"column":3}}}},"branchMap":{"0":{"loc":{"start":{"line":7,"column":4},"end":{"line":9,"column":5}},"type":"if","locations":[{"start":{"line":7,"column":4},"end":{"line":9,"column":5}},{"start":{},"end":{}}]},"1":{"loc":{"start":{"line":17,"column":4},"end":{"line":25,"column":5}},"type":"if","locations":[{"start":{"line":17,"column":4},"end":{"line":25,"column":5}},{"start":{"line":23,"column":11},"end":{"line":25,"column":5}}]},"2":{"loc":{"start":{"line":17,"column":8},"end":{"line":17,"column":42}},"type":"binary-expr","locations":[{"start":{"line":17,"column":8},"end":{"line":17,"column":22}},{"start":{"line":17,"column":26},"end":{"line":17,"column":42}}]},"3":{"loc":{"start":{"line":18,"column":6},"end":{"line":21,"column":7}},"type":"if","locations":[{"start":{"line":18,"column":6},"end":{"line":21,"column":7}},{"start":{},"end":{}}]},"4":{"loc":{"start":{"line":23,"column":11},"end":{"line":25,"column":5}},"type":"if","locations":[{"start":{"line":23,"column":11},"end":{"line":25,"column":5}},{"start":{},"end":{}}]}},"s":{"0":1,"1":1,"2":1,"3":1,"4":1,"5":2,"6":2,"7":2,"8":2,"9":2,"10":1,"11":4,"12":4,"13":4,"14":4,"15":1,"16":0,"17":0,"18":1,"19":3,"20":2},"f":{"0":1,"1":2,"2":4},"b":{"0":[2,0],"1":[1,3],"2":[4,3],"3":[0,1],"4":[2,1]}}
,"C:\\Users\\bonde\\Downloads\\FarmWEB3-Working1\\farm-game-react\\src\\utils\\time.ts": {"path":"C:\\Users\\bonde\\Downloads\\FarmWEB3-Working1\\farm-game-react\\src\\utils\\time.ts","statementMap":{"0":{"start":{"line":1,"column":0},"end":{"line":1,"column":16}},"1":{"start":{"line":5,"column":0},"end":{"line":5,"column":16}},"2":{"start":{"line":2,"column":2},"end":{"line":2,"column":43}},"3":{"start":{"line":6,"column":23},"end":{"line":6,"column":54}},"4":{"start":{"line":7,"column":16},"end":{"line":7,"column":47}},"5":{"start":{"line":8,"column":18},"end":{"line":8,"column":56}},"6":{"start":{"line":9,"column":18},"end":{"line":9,"column":35}},"7":{"start":{"line":10,"column":2},"end":{"line":12,"column":63}}},"fnMap":{"0":{"name":"calculateTimeLeft","decl":{"start":{"line":1,"column":16},"end":{"line":1,"column":33}},"loc":{"start":{"line":1,"column":49},"end":{"line":3,"column":1}}},"1":{"name":"formatTime","decl":{"start":{"line":5,"column":16},"end":{"line":5,"column":26}},"loc":{"start":{"line":5,"column":47},"end":{"line":13,"column":1}}}},"branchMap":{},"s":{"0":1,"1":1,"2":2,"3":5,"4":5,"5":5,"6":5,"7":5},"f":{"0":2,"1":5},"b":{}}
}
