TN:
SF:src\App.tsx
FN:12,(anonymous_10)
FN:16,(anonymous_11)
FN:17,(anonymous_12)
FN:20,(anonymous_13)
FN:25,(anonymous_14)
FN:33,App
FN:38,(anonymous_16)
FN:43,(anonymous_17)
FNF:8
FNH:5
FNDA:2,(anonymous_10)
FNDA:0,(anonymous_11)
FNDA:0,(anonymous_12)
FNDA:4,(anonymous_13)
FNDA:0,(anonymous_14)
FNDA:4,App
FNDA:2,(anonymous_16)
FNDA:2,(anonymous_17)
DA:4,1
DA:5,1
DA:6,1
DA:7,1
DA:8,1
DA:9,1
DA:13,2
DA:14,2
DA:16,0
DA:18,0
DA:21,4
DA:22,0
DA:25,0
DA:29,4
DA:34,4
DA:35,4
DA:36,4
DA:38,4
DA:39,2
DA:40,2
DA:41,2
DA:43,2
DA:44,2
DA:45,2
DA:50,4
DA:63,1
LF:26
LH:22
BRDA:21,0,0,0
BRDA:21,0,1,4
BRDA:39,1,0,2
BRDA:39,1,1,0
BRDA:44,2,0,2
BRDA:44,2,1,0
BRF:6
BRH:3
end_of_record
TN:
SF:src\components\InventoryView.tsx
FN:7,InventoryViewBase
FN:11,(anonymous_10)
FN:12,(anonymous_11)
FN:17,(anonymous_12)
FN:19,(anonymous_13)
FN:22,(anonymous_14)
FN:26,(anonymous_15)
FN:31,(anonymous_16)
FN:34,(anonymous_17)
FN:34,(anonymous_18)
FN:46,(anonymous_19)
FN:59,formatItemName
FNF:12
FNH:7
FNDA:4,InventoryViewBase
FNDA:2,(anonymous_10)
FNDA:2,(anonymous_11)
FNDA:0,(anonymous_12)
FNDA:2,(anonymous_13)
FNDA:2,(anonymous_14)
FNDA:0,(anonymous_15)
FNDA:2,(anonymous_16)
FNDA:4,(anonymous_17)
FNDA:0,(anonymous_18)
FNDA:0,(anonymous_19)
FNDA:0,formatItemName
DA:1,1
DA:8,4
DA:9,4
DA:11,4
DA:12,2
DA:13,2
DA:14,2
DA:16,2
DA:17,2
DA:18,2
DA:19,2
DA:22,4
DA:24,2
DA:25,2
DA:26,2
DA:27,0
DA:28,0
DA:30,2
DA:31,2
DA:34,4
DA:36,4
DA:37,4
DA:40,0
DA:41,0
DA:44,0
DA:47,0
DA:56,1
DA:57,1
DA:60,0
DA:62,0
DA:64,0
DA:66,0
LF:32
LH:22
BRDA:24,0,0,2
BRDA:24,0,1,2
BRDA:28,1,0,0
BRDA:28,1,1,0
BRDA:34,2,0,0
BRDA:34,2,1,0
BRDA:36,3,0,4
BRDA:36,3,1,0
BRDA:40,4,0,0
BRDA:40,4,1,0
BRDA:60,5,0,0
BRDA:60,5,1,0
BRDA:60,5,2,0
BRF:13
BRH:3
end_of_record
TN:
SF:src\components\MonitoringDashboard.tsx
FN:10,MonitoringDashboard
FN:20,(anonymous_1)
FN:24,(anonymous_2)
FN:42,(anonymous_3)
FN:53,(anonymous_4)
FN:98,(anonymous_5)
FN:150,(anonymous_6)
FN:195,useMonitoringDashboard
FN:199,(anonymous_8)
FN:202,(anonymous_9)
FN:205,(anonymous_10)
FN:210,(anonymous_11)
FN:215,(anonymous_12)
FN:218,(anonymous_13)
FNF:14
FNH:7
FNDA:4,MonitoringDashboard
FNDA:2,(anonymous_1)
FNDA:0,(anonymous_2)
FNDA:2,(anonymous_3)
FNDA:0,(anonymous_4)
FNDA:0,(anonymous_5)
FNDA:0,(anonymous_6)
FNDA:4,useMonitoringDashboard
FNDA:2,(anonymous_8)
FNDA:0,(anonymous_9)
FNDA:0,(anonymous_10)
FNDA:2,(anonymous_11)
FNDA:4,(anonymous_12)
FNDA:0,(anonymous_13)
DA:1,1
DA:2,1
DA:3,1
DA:10,1
DA:11,4
DA:12,4
DA:20,4
DA:21,2
DA:22,2
DA:24,2
DA:25,0
DA:26,0
DA:28,0
DA:29,0
DA:30,0
DA:31,0
DA:32,0
DA:33,0
DA:34,0
DA:37,0
DA:38,0
DA:41,2
DA:42,2
DA:46,4
DA:47,0
DA:50,4
DA:51,4
DA:53,0
DA:76,0
DA:80,0
DA:98,0
DA:151,0
DA:195,1
DA:196,4
DA:199,4
DA:200,2
DA:202,2
DA:204,0
DA:205,0
DA:209,2
DA:210,2
DA:214,4
DA:215,4
DA:216,4
DA:218,4
DA:219,0
DA:223,4
LF:47
LH:27
BRDA:10,0,0,0
BRDA:21,1,0,2
BRDA:21,1,1,2
BRDA:25,2,0,0
BRDA:25,2,1,0
BRDA:28,3,0,0
BRDA:28,3,1,0
BRDA:30,4,0,0
BRDA:30,4,1,0
BRDA:32,5,0,0
BRDA:32,5,1,0
BRDA:34,6,0,0
BRDA:34,6,1,0
BRDA:46,7,0,0
BRDA:46,7,1,4
BRDA:50,8,0,4
BRDA:50,8,1,0
BRDA:58,9,0,4
BRDA:58,9,1,0
BRDA:76,10,0,0
BRDA:76,10,1,0
BRDA:111,11,0,0
BRDA:111,11,1,0
BRDA:115,12,0,0
BRDA:115,12,1,0
BRDA:118,13,0,0
BRDA:118,13,1,0
BRDA:135,14,0,0
BRDA:135,14,1,0
BRDA:147,15,0,0
BRDA:147,15,1,0
BRDA:156,16,0,0
BRDA:156,16,1,0
BRDA:164,17,0,0
BRDA:164,17,1,0
BRDA:171,18,0,0
BRDA:171,18,1,0
BRDA:179,19,0,0
BRDA:179,19,1,0
BRDA:200,20,0,0
BRDA:200,20,1,2
BRDA:204,21,0,0
BRDA:204,21,1,0
BRDA:204,22,0,0
BRDA:204,22,1,0
BRDA:204,22,2,0
BRDA:216,23,0,0
BRDA:216,23,1,4
BRDA:218,24,0,0
BRDA:218,24,1,4
BRDA:218,25,0,4
BRDA:218,25,1,0
BRF:52
BRH:9
end_of_record
TN:
SF:src\components\ShopView.tsx
FN:9,ShopView
FN:12,(anonymous_1)
FN:13,(anonymous_2)
FN:15,(anonymous_3)
FN:17,(anonymous_4)
FNF:5
FNH:4
FNDA:4,ShopView
FNDA:2,(anonymous_1)
FNDA:2,(anonymous_2)
FNDA:0,(anonymous_3)
FNDA:2,(anonymous_4)
DA:1,1
DA:9,1
DA:10,4
DA:12,4
DA:13,2
DA:14,2
DA:15,2
DA:16,2
DA:17,2
DA:20,4
LF:10
LH:10
BRDA:22,0,0,0
BRDA:22,0,1,4
BRDA:25,1,0,0
BRDA:25,1,1,4
BRDA:28,2,0,0
BRDA:28,2,1,4
BRDA:31,3,0,0
BRDA:31,3,1,4
BRF:8
BRH:4
end_of_record
TN:
SF:src\components\StaticMarkup.tsx
FN:5,StaticMarkup
FNF:1
FNH:1
FNDA:4,StaticMarkup
DA:1,1
DA:2,1
DA:3,1
DA:4,1
DA:5,1
DA:6,4
LF:6
LH:6
BRF:0
BRH:0
end_of_record
TN:
SF:src\components\WalletIconButton.tsx
FN:5,WalletIconButton
FN:10,(anonymous_1)
FNF:2
FNH:1
FNDA:4,WalletIconButton
FNDA:0,(anonymous_1)
DA:1,1
DA:2,1
DA:3,1
DA:5,1
DA:6,4
DA:7,4
DA:8,4
DA:10,4
DA:11,0
DA:12,0
DA:15,4
LF:11
LH:9
BRDA:11,0,0,0
BRDA:11,0,1,0
BRF:2
BRH:0
end_of_record
TN:
SF:src\components\WalletPanel.tsx
FN:9,WalletPanel
FN:10,(anonymous_1)
FN:12,(anonymous_2)
FN:13,(anonymous_3)
FN:15,(anonymous_4)
FN:20,(anonymous_5)
FN:26,(anonymous_6)
FN:38,(anonymous_7)
FN:45,(anonymous_8)
FN:53,(anonymous_9)
FN:89,(anonymous_10)
FN:97,(anonymous_11)
FNF:12
FNH:9
FNDA:4,WalletPanel
FNDA:2,(anonymous_1)
FNDA:2,(anonymous_2)
FNDA:0,(anonymous_3)
FNDA:2,(anonymous_4)
FNDA:2,(anonymous_5)
FNDA:2,(anonymous_6)
FNDA:2,(anonymous_7)
FNDA:2,(anonymous_8)
FNDA:2,(anonymous_9)
FNDA:0,(anonymous_10)
FNDA:0,(anonymous_11)
DA:1,1
DA:9,1
DA:10,4
DA:12,4
DA:13,2
DA:14,2
DA:15,2
DA:16,2
DA:20,4
DA:21,2
DA:22,2
DA:23,0
DA:26,4
DA:27,2
DA:28,2
DA:29,0
DA:30,0
DA:31,0
DA:32,0
DA:33,0
DA:35,2
DA:38,4
DA:39,2
DA:40,2
DA:41,2
DA:42,0
DA:45,4
DA:46,2
DA:47,2
DA:48,2
DA:49,2
DA:50,2
DA:53,4
DA:54,2
DA:55,2
DA:56,2
DA:57,0
DA:59,2
DA:63,4
DA:90,0
DA:91,0
DA:98,0
DA:99,0
DA:100,0
DA:101,0
DA:102,0
LF:46
LH:31
BRDA:22,0,0,2
BRDA:22,0,1,0
BRDA:28,1,0,0
BRDA:28,1,1,2
BRDA:39,2,0,2
BRDA:39,2,1,2
BRDA:40,3,0,2
BRDA:40,3,1,2
BRDA:41,4,0,2
BRDA:41,4,1,0
BRDA:41,5,0,2
BRDA:41,5,1,0
BRDA:46,6,0,2
BRDA:46,6,1,2
BRDA:47,7,0,2
BRDA:47,7,1,2
BRDA:48,8,0,0
BRDA:48,8,1,2
BRDA:48,9,0,2
BRDA:48,9,1,2
BRDA:49,10,0,2
BRDA:49,10,1,2
BRDA:50,11,0,0
BRDA:50,11,1,2
BRDA:54,12,0,2
BRDA:54,12,1,2
BRDA:56,13,0,2
BRDA:56,13,1,2
BRDA:59,14,0,2
BRDA:59,14,1,2
BRDA:64,15,0,4
BRDA:64,15,1,0
BRF:32
BRH:25
end_of_record
TN:
SF:src\components\Web3ErrorBoundary.tsx
FN:9,(anonymous_10)
FN:13,(anonymous_11)
FN:17,(anonymous_12)
FN:21,(anonymous_13)
FN:33,(anonymous_14)
FN:46,(anonymous_15)
FN:51,(anonymous_16)
FNF:7
FNH:5
FNDA:16,(anonymous_10)
FNDA:12,(anonymous_11)
FNDA:6,(anonymous_12)
FNDA:6,(anonymous_13)
FNDA:35,(anonymous_14)
FNDA:0,(anonymous_15)
FNDA:0,(anonymous_16)
DA:1,2
DA:2,2
DA:3,2
DA:8,2
DA:10,16
DA:11,15
DA:14,12
DA:15,12
DA:18,6
DA:21,6
DA:22,6
DA:23,6
DA:24,6
DA:28,6
DA:31,6
DA:34,35
DA:35,18
DA:37,18
DA:46,0
DA:51,0
DA:68,17
LF:21
LH:19
BRDA:14,0,0,12
BRDA:14,0,1,0
BRDA:34,1,0,18
BRDA:34,1,1,17
BRDA:40,2,0,9
BRDA:40,2,1,9
BRDA:49,3,0,18
BRDA:49,3,1,9
BRDA:49,3,2,3
BRDA:58,4,0,18
BRDA:58,4,1,9
BRDA:62,5,0,9
BRDA:62,5,1,3
BRF:13
BRH:12
end_of_record
TN:
SF:src\services\monitoring.ts
FN:19,(anonymous_1)
FN:25,(anonymous_2)
FN:47,(anonymous_3)
FN:55,(anonymous_4)
FN:64,(anonymous_5)
FN:78,(anonymous_6)
FN:80,(anonymous_7)
FN:99,(anonymous_8)
FN:104,(anonymous_9)
FN:105,(anonymous_10)
FN:112,(anonymous_11)
FN:132,(anonymous_12)
FN:139,(anonymous_13)
FN:144,(anonymous_14)
FN:153,createMonitoredTransport
FN:156,(anonymous_16)
FN:160,(anonymous_17)
FN:164,(anonymous_18)
FN:185,useRpcHealth
FN:188,(anonymous_20)
FN:189,(anonymous_21)
FN:195,(anonymous_22)
FN:201,(anonymous_23)
FNF:23
FNH:19
FNDA:2,(anonymous_1)
FNDA:16,(anonymous_2)
FNDA:4,(anonymous_3)
FNDA:12,(anonymous_4)
FNDA:16,(anonymous_5)
FNDA:14,(anonymous_6)
FNDA:2,(anonymous_7)
FNDA:2,(anonymous_8)
FNDA:2,(anonymous_9)
FNDA:0,(anonymous_10)
FNDA:0,(anonymous_11)
FNDA:0,(anonymous_12)
FNDA:7,(anonymous_13)
FNDA:3,(anonymous_14)
FNDA:2,createMonitoredTransport
FNDA:2,(anonymous_16)
FNDA:2,(anonymous_17)
FNDA:2,(anonymous_18)
FNDA:8,useRpcHealth
FNDA:4,(anonymous_20)
FNDA:4,(anonymous_21)
FNDA:0,(anonymous_22)
FNDA:4,(anonymous_23)
DA:1,2
DA:2,2
DA:3,2
DA:16,2
DA:17,2
DA:21,2
DA:30,16
DA:31,16
DA:33,16
DA:34,16
DA:35,4
DA:36,4
DA:37,4
DA:39,12
DA:40,12
DA:43,16
DA:48,4
DA:49,4
DA:50,4
DA:51,4
DA:52,4
DA:56,12
DA:57,12
DA:58,12
DA:59,12
DA:60,12
DA:61,12
DA:65,16
DA:66,7
DA:74,16
DA:79,14
DA:80,14
DA:81,2
DA:82,2
DA:83,2
DA:85,2
DA:96,14
DA:99,2
DA:105,2
DA:106,0
DA:109,0
DA:112,0
DA:113,0
DA:114,0
DA:117,0
DA:123,0
DA:124,0
DA:133,0
DA:134,0
DA:140,7
DA:145,3
DA:150,2
DA:153,2
DA:154,2
DA:157,2
DA:162,2
DA:165,2
DA:174,2
DA:175,1
DA:177,2
DA:185,2
DA:186,8
DA:188,8
DA:189,4
DA:192,4
DA:195,4
DA:196,4
DA:199,4
DA:201,4
DA:202,4
DA:203,4
DA:207,8
DA:217,2
DA:219,2
DA:220,2
LF:75
LH:65
BRDA:61,0,0,12
BRDA:61,0,1,0
BRDA:65,1,0,7
BRDA:65,1,1,9
BRDA:81,2,0,2
BRDA:81,2,1,0
BRDA:82,3,0,2
BRDA:82,3,1,1
BRDA:83,4,0,1
BRDA:83,4,1,1
BRDA:92,5,0,0
BRDA:92,5,1,2
BRDA:99,6,0,14
BRDA:99,6,1,2
BRDA:113,7,0,0
BRDA:113,7,1,0
BRDA:133,8,0,0
BRDA:133,8,1,0
BRDA:153,9,0,2
BRDA:159,10,0,2
BRDA:159,10,1,0
BRDA:162,11,0,0
BRDA:162,11,1,2
BRDA:174,12,0,1
BRDA:174,12,1,1
BRDA:217,13,0,2
BRDA:217,13,1,0
BRDA:219,14,0,2
BRDA:219,14,1,0
BRF:29
BRH:18
end_of_record
TN:
SF:src\services\sentry.ts
FN:4,initSentry
FN:22,(anonymous_10)
FN:47,trackWeb3Error
FN:53,(anonymous_12)
FN:65,trackWalletEvent
FN:79,(anonymous_14)
FN:88,trackRpcPerformance
FN:102,(anonymous_16)
FN:112,trackGameStateError
FN:117,(anonymous_18)
FN:128,startPerformanceMark
FN:134,endPerformanceMark
FNF:12
FNH:8
FNDA:0,initSentry
FNDA:0,(anonymous_10)
FNDA:2,trackWeb3Error
FNDA:2,(anonymous_12)
FNDA:3,trackWalletEvent
FNDA:1,(anonymous_14)
FNDA:19,trackRpcPerformance
FNDA:2,(anonymous_16)
FNDA:0,trackGameStateError
FNDA:0,(anonymous_18)
FNDA:3,startPerformanceMark
FNDA:2,endPerformanceMark
DA:1,3
DA:2,3
DA:4,3
DA:5,0
DA:6,0
DA:7,0
DA:8,0
DA:11,0
DA:24,0
DA:25,0
DA:27,0
DA:29,0
DA:31,0
DA:47,3
DA:53,2
DA:54,2
DA:55,2
DA:56,2
DA:57,2
DA:58,2
DA:60,2
DA:65,3
DA:70,3
DA:78,3
DA:79,1
DA:80,1
DA:81,1
DA:82,1
DA:88,3
DA:89,19
DA:101,19
DA:102,2
DA:103,2
DA:104,2
DA:105,2
DA:106,2
DA:112,3
DA:117,0
DA:118,0
DA:119,0
DA:120,0
DA:121,0
DA:123,0
DA:128,3
DA:129,3
DA:130,3
DA:134,3
DA:135,2
DA:136,2
DA:137,2
DA:138,2
DA:139,2
DA:140,2
DA:141,1
LF:54
LH:38
BRDA:6,0,0,0
BRDA:6,0,1,0
BRDA:19,1,0,0
BRDA:19,1,1,0
BRDA:25,2,0,0
BRDA:25,2,1,0
BRDA:25,3,0,0
BRDA:25,3,1,0
BRDA:25,3,2,0
BRDA:27,4,0,0
BRDA:27,4,1,0
BRDA:29,5,0,0
BRDA:29,5,1,0
BRDA:35,6,0,0
BRDA:35,6,1,0
BRDA:56,7,0,1
BRDA:56,7,1,1
BRDA:57,8,0,0
BRDA:57,8,1,2
BRDA:58,9,0,1
BRDA:58,9,1,1
BRDA:73,10,0,1
BRDA:73,10,1,2
BRDA:78,11,0,1
BRDA:78,11,1,2
BRDA:82,12,0,1
BRDA:82,12,1,0
BRDA:92,13,0,6
BRDA:92,13,1,13
BRDA:101,14,0,2
BRDA:101,14,1,17
BRDA:120,15,0,0
BRDA:120,15,1,0
BRDA:121,16,0,0
BRDA:121,16,1,0
BRDA:129,17,0,3
BRDA:129,17,1,0
BRDA:135,18,0,2
BRDA:135,18,1,0
BRDA:140,19,0,1
BRDA:140,19,1,1
BRDA:140,20,0,2
BRDA:140,20,1,2
BRF:43
BRH:20
end_of_record
TN:
SF:src\utils\env.ts
FN:2,getEnvVar
FN:22,getMode
FN:26,isDevelopment
FN:31,isProduction
FNF:4
FNH:4
FNDA:19,getEnvVar
FNDA:9,getMode
FNDA:3,isDevelopment
FNDA:3,isProduction
DA:2,4
DA:4,19
DA:5,17
DA:9,2
DA:11,2
DA:12,1
DA:13,1
DA:19,1
DA:22,4
DA:23,9
DA:26,4
DA:27,3
DA:28,3
DA:31,4
DA:32,3
DA:33,3
LF:16
LH:16
BRDA:4,0,0,17
BRDA:4,0,1,2
BRDA:4,1,0,19
BRDA:4,1,1,17
BRDA:11,2,0,2
BRDA:11,2,1,0
BRDA:12,3,0,1
BRDA:12,3,1,0
BRDA:23,4,0,9
BRDA:23,4,1,6
BRDA:23,4,2,1
BRDA:28,5,0,3
BRDA:28,5,1,2
BRDA:33,6,0,3
BRDA:33,6,1,2
BRF:15
BRH:13
end_of_record
TN:
SF:src\utils\permissions.ts
FN:5,isDeveloper
FN:23,(anonymous_1)
FN:30,isProduction
FN:35,enableDeveloperMode
FN:49,disableDeveloperMode
FN:55,isAdmin
FNF:6
FNH:2
FNDA:14,isDeveloper
FNDA:14,(anonymous_1)
FNDA:0,isProduction
FNDA:0,enableDeveloperMode
FNDA:0,disableDeveloperMode
FNDA:0,isAdmin
DA:5,2
DA:7,14
DA:8,0
DA:12,14
DA:13,0
DA:17,14
DA:18,0
DA:22,14
DA:23,14
DA:24,14
DA:27,0
DA:30,2
DA:31,0
DA:35,2
DA:37,0
DA:39,0
DA:40,0
DA:41,0
DA:42,0
DA:45,0
DA:49,2
DA:50,0
DA:51,0
DA:55,2
DA:57,0
DA:61,2
DA:63,2
DA:65,2
LF:28
LH:14
BRDA:7,0,0,0
BRDA:7,0,1,14
BRDA:12,1,0,0
BRDA:12,1,1,14
BRDA:17,2,0,0
BRDA:17,2,1,14
BRDA:23,3,0,14
BRDA:23,3,1,0
BRDA:31,4,0,0
BRDA:31,4,1,0
BRDA:39,5,0,0
BRDA:39,5,1,0
BRDA:57,6,0,0
BRDA:57,6,1,0
BRDA:61,7,0,2
BRDA:61,7,1,0
BRDA:61,8,0,2
BRDA:61,8,1,2
BRF:18
BRH:7
end_of_record
TN:
SF:src\utils\rateLimit.ts
FN:1,createRateLimiter
FN:4,allow
FN:10,(anonymous_2)
FNF:3
FNH:3
FNDA:1,createRateLimiter
FNDA:5,allow
FNDA:2,(anonymous_2)
DA:1,1
DA:2,1
DA:3,1
DA:4,1
DA:5,5
DA:6,5
DA:7,4
DA:8,3
DA:9,3
DA:10,3
DA:11,3
LF:11
LH:11
BRDA:6,0,0,1
BRDA:6,0,1,4
BRDA:7,1,0,1
BRDA:7,1,1,3
BRF:4
BRH:4
end_of_record
TN:
SF:src\utils\throttle.ts
FN:1,throttle
FN:5,(anonymous_1)
FN:13,(anonymous_2)
FNF:3
FNH:3
FNDA:1,throttle
FNDA:2,(anonymous_1)
FNDA:4,(anonymous_2)
DA:1,1
DA:2,1
DA:3,1
DA:4,1
DA:5,1
DA:6,2
DA:7,2
DA:8,2
DA:10,2
DA:11,2
DA:13,1
DA:14,4
DA:15,4
DA:16,4
DA:17,4
DA:18,1
DA:19,0
DA:20,0
DA:22,1
DA:23,3
DA:24,2
LF:21
LH:19
BRDA:7,0,0,2
BRDA:7,0,1,0
BRDA:17,1,0,1
BRDA:17,1,1,3
BRDA:17,2,0,4
BRDA:17,2,1,3
BRDA:18,3,0,0
BRDA:18,3,1,1
BRDA:23,4,0,2
BRDA:23,4,1,1
BRF:10
BRH:8
end_of_record
TN:
SF:src\utils\time.ts
FN:1,calculateTimeLeft
FN:5,formatTime
FNF:2
FNH:2
FNDA:2,calculateTimeLeft
FNDA:5,formatTime
DA:1,1
DA:2,2
DA:5,1
DA:6,5
DA:7,5
DA:8,5
DA:9,5
DA:10,5
LF:8
LH:8
BRF:0
BRH:0
end_of_record
